<?xml version="1.0" encoding="UTF-8"?>
<testsuite xmlns:xsi="http://www.w3.org/2001/XMLSchema-instance" xsi:noNamespaceSchemaLocation="https://maven.apache.org/surefire/maven-surefire-plugin/xsd/surefire-test-report-3.0.xsd" version="3.0" name="com.uasz.Gestion_DAOS_Maquette.GestionDaosMaquetteApplicationTests" time="23.32" tests="1" errors="0" skipped="0" failures="0">
  <properties>
    <property name="java.specification.version" value="21"/>
    <property name="sun.jnu.encoding" value="UTF-8"/>
    <property name="java.class.path" value="/home/smah/Documents/Projet/DAOS_microservice/Gestion_DAOS_Maquette/Gestion_DAOS/target/test-classes:/home/smah/Documents/Projet/DAOS_microservice/Gestion_DAOS_Maquette/Gestion_DAOS/target/classes:/home/smah/.m2/repository/org/springframework/boot/spring-boot-starter-data-jpa/3.2.2/spring-boot-starter-data-jpa-3.2.2.jar:/home/smah/.m2/repository/org/springframework/boot/spring-boot-starter-aop/3.2.2/spring-boot-starter-aop-3.2.2.jar:/home/smah/.m2/repository/org/springframework/spring-aop/6.1.3/spring-aop-6.1.3.jar:/home/smah/.m2/repository/org/aspectj/aspectjweaver/1.9.21/aspectjweaver-1.9.21.jar:/home/smah/.m2/repository/org/springframework/boot/spring-boot-starter-jdbc/3.2.2/spring-boot-starter-jdbc-3.2.2.jar:/home/smah/.m2/repository/com/zaxxer/HikariCP/5.0.1/HikariCP-5.0.1.jar:/home/smah/.m2/repository/org/springframework/spring-jdbc/6.1.3/spring-jdbc-6.1.3.jar:/home/smah/.m2/repository/org/hibernate/orm/hibernate-core/6.4.1.Final/hibernate-core-6.4.1.Final.jar:/home/smah/.m2/repository/jakarta/persistence/jakarta.persistence-api/3.1.0/jakarta.persistence-api-3.1.0.jar:/home/smah/.m2/repository/jakarta/transaction/jakarta.transaction-api/2.0.1/jakarta.transaction-api-2.0.1.jar:/home/smah/.m2/repository/org/jboss/logging/jboss-logging/3.5.3.Final/jboss-logging-3.5.3.Final.jar:/home/smah/.m2/repository/org/hibernate/common/hibernate-commons-annotations/6.0.6.Final/hibernate-commons-annotations-6.0.6.Final.jar:/home/smah/.m2/repository/io/smallrye/jandex/3.1.2/jandex-3.1.2.jar:/home/smah/.m2/repository/com/fasterxml/classmate/1.6.0/classmate-1.6.0.jar:/home/smah/.m2/repository/net/bytebuddy/byte-buddy/1.14.11/byte-buddy-1.14.11.jar:/home/smah/.m2/repository/org/glassfish/jaxb/jaxb-runtime/4.0.4/jaxb-runtime-4.0.4.jar:/home/smah/.m2/repository/org/glassfish/jaxb/jaxb-core/4.0.4/jaxb-core-4.0.4.jar:/home/smah/.m2/repository/org/eclipse/angus/angus-activation/2.0.1/angus-activation-2.0.1.jar:/home/smah/.m2/repository/org/glassfish/jaxb/txw2/4.0.4/txw2-4.0.4.jar:/home/smah/.m2/repository/com/sun/istack/istack-commons-runtime/4.1.2/istack-commons-runtime-4.1.2.jar:/home/smah/.m2/repository/jakarta/inject/jakarta.inject-api/2.0.1/jakarta.inject-api-2.0.1.jar:/home/smah/.m2/repository/org/antlr/antlr4-runtime/4.13.0/antlr4-runtime-4.13.0.jar:/home/smah/.m2/repository/org/springframework/data/spring-data-jpa/3.2.2/spring-data-jpa-3.2.2.jar:/home/smah/.m2/repository/org/springframework/data/spring-data-commons/3.2.2/spring-data-commons-3.2.2.jar:/home/smah/.m2/repository/org/springframework/spring-orm/6.1.3/spring-orm-6.1.3.jar:/home/smah/.m2/repository/org/springframework/spring-context/6.1.3/spring-context-6.1.3.jar:/home/smah/.m2/repository/org/springframework/spring-tx/6.1.3/spring-tx-6.1.3.jar:/home/smah/.m2/repository/org/springframework/spring-beans/6.1.3/spring-beans-6.1.3.jar:/home/smah/.m2/repository/jakarta/annotation/jakarta.annotation-api/2.1.1/jakarta.annotation-api-2.1.1.jar:/home/smah/.m2/repository/org/slf4j/slf4j-api/2.0.11/slf4j-api-2.0.11.jar:/home/smah/.m2/repository/org/springframework/spring-aspects/6.1.3/spring-aspects-6.1.3.jar:/home/smah/.m2/repository/org/springframework/boot/spring-boot-starter-data-rest/3.2.2/spring-boot-starter-data-rest-3.2.2.jar:/home/smah/.m2/repository/org/springframework/data/spring-data-rest-webmvc/4.2.2/spring-data-rest-webmvc-4.2.2.jar:/home/smah/.m2/repository/org/springframework/data/spring-data-rest-core/4.2.2/spring-data-rest-core-4.2.2.jar:/home/smah/.m2/repository/org/springframework/hateoas/spring-hateoas/2.2.0/spring-hateoas-2.2.0.jar:/home/smah/.m2/repository/org/springframework/plugin/spring-plugin-core/3.0.0/spring-plugin-core-3.0.0.jar:/home/smah/.m2/repository/org/atteo/evo-inflector/1.3/evo-inflector-1.3.jar:/home/smah/.m2/repository/com/fasterxml/jackson/core/jackson-annotations/2.15.3/jackson-annotations-2.15.3.jar:/home/smah/.m2/repository/org/springframework/boot/spring-boot-starter-thymeleaf/3.2.2/spring-boot-starter-thymeleaf-3.2.2.jar:/home/smah/.m2/repository/org/springframework/boot/spring-boot-starter/3.2.2/spring-boot-starter-3.2.2.jar:/home/smah/.m2/repository/org/springframework/boot/spring-boot-starter-logging/3.2.2/spring-boot-starter-logging-3.2.2.jar:/home/smah/.m2/repository/ch/qos/logback/logback-classic/1.4.14/logback-classic-1.4.14.jar:/home/smah/.m2/repository/ch/qos/logback/logback-core/1.4.14/logback-core-1.4.14.jar:/home/smah/.m2/repository/org/apache/logging/log4j/log4j-to-slf4j/2.21.1/log4j-to-slf4j-2.21.1.jar:/home/smah/.m2/repository/org/apache/logging/log4j/log4j-api/2.21.1/log4j-api-2.21.1.jar:/home/smah/.m2/repository/org/slf4j/jul-to-slf4j/2.0.11/jul-to-slf4j-2.0.11.jar:/home/smah/.m2/repository/org/yaml/snakeyaml/2.2/snakeyaml-2.2.jar:/home/smah/.m2/repository/org/thymeleaf/thymeleaf-spring6/3.1.2.RELEASE/thymeleaf-spring6-3.1.2.RELEASE.jar:/home/smah/.m2/repository/org/thymeleaf/thymeleaf/3.1.2.RELEASE/thymeleaf-3.1.2.RELEASE.jar:/home/smah/.m2/repository/org/attoparser/attoparser/2.0.7.RELEASE/attoparser-2.0.7.RELEASE.jar:/home/smah/.m2/repository/org/unbescape/unbescape/1.1.6.RELEASE/unbescape-1.1.6.RELEASE.jar:/home/smah/.m2/repository/org/springframework/boot/spring-boot-starter-web/3.2.2/spring-boot-starter-web-3.2.2.jar:/home/smah/.m2/repository/org/springframework/boot/spring-boot-starter-json/3.2.2/spring-boot-starter-json-3.2.2.jar:/home/smah/.m2/repository/com/fasterxml/jackson/datatype/jackson-datatype-jdk8/2.15.3/jackson-datatype-jdk8-2.15.3.jar:/home/smah/.m2/repository/com/fasterxml/jackson/datatype/jackson-datatype-jsr310/2.15.3/jackson-datatype-jsr310-2.15.3.jar:/home/smah/.m2/repository/com/fasterxml/jackson/module/jackson-module-parameter-names/2.15.3/jackson-module-parameter-names-2.15.3.jar:/home/smah/.m2/repository/org/springframework/boot/spring-boot-starter-tomcat/3.2.2/spring-boot-starter-tomcat-3.2.2.jar:/home/smah/.m2/repository/org/apache/tomcat/embed/tomcat-embed-core/10.1.18/tomcat-embed-core-10.1.18.jar:/home/smah/.m2/repository/org/apache/tomcat/embed/tomcat-embed-el/10.1.18/tomcat-embed-el-10.1.18.jar:/home/smah/.m2/repository/org/apache/tomcat/embed/tomcat-embed-websocket/10.1.18/tomcat-embed-websocket-10.1.18.jar:/home/smah/.m2/repository/org/springframework/spring-web/6.1.3/spring-web-6.1.3.jar:/home/smah/.m2/repository/org/springframework/spring-webmvc/6.1.3/spring-webmvc-6.1.3.jar:/home/smah/.m2/repository/org/springframework/spring-expression/6.1.3/spring-expression-6.1.3.jar:/home/smah/.m2/repository/org/springframework/boot/spring-boot-devtools/3.2.2/spring-boot-devtools-3.2.2.jar:/home/smah/.m2/repository/org/springframework/boot/spring-boot/3.2.2/spring-boot-3.2.2.jar:/home/smah/.m2/repository/org/springframework/boot/spring-boot-autoconfigure/3.2.2/spring-boot-autoconfigure-3.2.2.jar:/home/smah/.m2/repository/org/mariadb/jdbc/mariadb-java-client/3.3.2/mariadb-java-client-3.3.2.jar:/home/smah/.m2/repository/com/github/waffle/waffle-jna/3.3.0/waffle-jna-3.3.0.jar:/home/smah/.m2/repository/net/java/dev/jna/jna/5.13.0/jna-5.13.0.jar:/home/smah/.m2/repository/net/java/dev/jna/jna-platform/5.13.0/jna-platform-5.13.0.jar:/home/smah/.m2/repository/org/slf4j/jcl-over-slf4j/2.0.11/jcl-over-slf4j-2.0.11.jar:/home/smah/.m2/repository/com/github/ben-manes/caffeine/caffeine/3.1.8/caffeine-3.1.8.jar:/home/smah/.m2/repository/com/google/errorprone/error_prone_annotations/2.21.1/error_prone_annotations-2.21.1.jar:/home/smah/.m2/repository/org/checkerframework/checker-qual/3.32.0/checker-qual-3.32.0.jar:/home/smah/.m2/repository/org/projectlombok/lombok/1.18.30/lombok-1.18.30.jar:/home/smah/.m2/repository/org/springframework/boot/spring-boot-starter-test/3.2.2/spring-boot-starter-test-3.2.2.jar:/home/smah/.m2/repository/org/springframework/boot/spring-boot-test/3.2.2/spring-boot-test-3.2.2.jar:/home/smah/.m2/repository/org/springframework/boot/spring-boot-test-autoconfigure/3.2.2/spring-boot-test-autoconfigure-3.2.2.jar:/home/smah/.m2/repository/com/jayway/jsonpath/json-path/2.8.0/json-path-2.8.0.jar:/home/smah/.m2/repository/jakarta/xml/bind/jakarta.xml.bind-api/4.0.1/jakarta.xml.bind-api-4.0.1.jar:/home/smah/.m2/repository/jakarta/activation/jakarta.activation-api/2.1.2/jakarta.activation-api-2.1.2.jar:/home/smah/.m2/repository/net/minidev/json-smart/2.5.0/json-smart-2.5.0.jar:/home/smah/.m2/repository/net/minidev/accessors-smart/2.5.0/accessors-smart-2.5.0.jar:/home/smah/.m2/repository/org/ow2/asm/asm/9.3/asm-9.3.jar:/home/smah/.m2/repository/org/assertj/assertj-core/3.24.2/assertj-core-3.24.2.jar:/home/smah/.m2/repository/org/awaitility/awaitility/4.2.0/awaitility-4.2.0.jar:/home/smah/.m2/repository/org/hamcrest/hamcrest/2.2/hamcrest-2.2.jar:/home/smah/.m2/repository/org/junit/jupiter/junit-jupiter/5.10.1/junit-jupiter-5.10.1.jar:/home/smah/.m2/repository/org/junit/jupiter/junit-jupiter-api/5.10.1/junit-jupiter-api-5.10.1.jar:/home/smah/.m2/repository/org/opentest4j/opentest4j/1.3.0/opentest4j-1.3.0.jar:/home/smah/.m2/repository/org/junit/platform/junit-platform-commons/1.10.1/junit-platform-commons-1.10.1.jar:/home/smah/.m2/repository/org/apiguardian/apiguardian-api/1.1.2/apiguardian-api-1.1.2.jar:/home/smah/.m2/repository/org/junit/jupiter/junit-jupiter-params/5.10.1/junit-jupiter-params-5.10.1.jar:/home/smah/.m2/repository/org/junit/jupiter/junit-jupiter-engine/5.10.1/junit-jupiter-engine-5.10.1.jar:/home/smah/.m2/repository/org/junit/platform/junit-platform-engine/1.10.1/junit-platform-engine-1.10.1.jar:/home/smah/.m2/repository/org/mockito/mockito-core/5.7.0/mockito-core-5.7.0.jar:/home/smah/.m2/repository/net/bytebuddy/byte-buddy-agent/1.14.11/byte-buddy-agent-1.14.11.jar:/home/smah/.m2/repository/org/objenesis/objenesis/3.3/objenesis-3.3.jar:/home/smah/.m2/repository/org/mockito/mockito-junit-jupiter/5.7.0/mockito-junit-jupiter-5.7.0.jar:/home/smah/.m2/repository/org/skyscreamer/jsonassert/1.5.1/jsonassert-1.5.1.jar:/home/smah/.m2/repository/com/vaadin/external/google/android-json/0.0.20131108.vaadin1/android-json-0.0.20131108.vaadin1.jar:/home/smah/.m2/repository/org/springframework/spring-core/6.1.3/spring-core-6.1.3.jar:/home/smah/.m2/repository/org/springframework/spring-jcl/6.1.3/spring-jcl-6.1.3.jar:/home/smah/.m2/repository/org/springframework/spring-test/6.1.3/spring-test-6.1.3.jar:/home/smah/.m2/repository/org/xmlunit/xmlunit-core/2.9.1/xmlunit-core-2.9.1.jar:/home/smah/.m2/repository/io/github/openfeign/feign-core/11.6/feign-core-11.6.jar:/home/smah/.m2/repository/org/springframework/cloud/spring-cloud-starter-config/4.1.0/spring-cloud-starter-config-4.1.0.jar:/home/smah/.m2/repository/org/springframework/cloud/spring-cloud-starter/4.1.0/spring-cloud-starter-4.1.0.jar:/home/smah/.m2/repository/org/springframework/cloud/spring-cloud-context/4.1.0/spring-cloud-context-4.1.0.jar:/home/smah/.m2/repository/org/springframework/security/spring-security-rsa/1.1.1/spring-security-rsa-1.1.1.jar:/home/smah/.m2/repository/org/bouncycastle/bcprov-jdk18on/1.74/bcprov-jdk18on-1.74.jar:/home/smah/.m2/repository/org/springframework/cloud/spring-cloud-config-client/4.1.0/spring-cloud-config-client-4.1.0.jar:/home/smah/.m2/repository/org/apache/httpcomponents/client5/httpclient5/5.2.3/httpclient5-5.2.3.jar:/home/smah/.m2/repository/org/apache/httpcomponents/core5/httpcore5/5.2.4/httpcore5-5.2.4.jar:/home/smah/.m2/repository/org/apache/httpcomponents/core5/httpcore5-h2/5.2.4/httpcore5-h2-5.2.4.jar:/home/smah/.m2/repository/com/fasterxml/jackson/core/jackson-databind/2.15.3/jackson-databind-2.15.3.jar:/home/smah/.m2/repository/com/fasterxml/jackson/core/jackson-core/2.15.3/jackson-core-2.15.3.jar:/home/smah/.m2/repository/org/springframework/cloud/spring-cloud-starter-openfeign/3.0.3/spring-cloud-starter-openfeign-3.0.3.jar:/home/smah/.m2/repository/org/springframework/cloud/spring-cloud-openfeign-core/4.1.0/spring-cloud-openfeign-core-4.1.0.jar:/home/smah/.m2/repository/io/github/openfeign/form/feign-form-spring/3.8.0/feign-form-spring-3.8.0.jar:/home/smah/.m2/repository/io/github/openfeign/form/feign-form/3.8.0/feign-form-3.8.0.jar:/home/smah/.m2/repository/commons-fileupload/commons-fileupload/1.5/commons-fileupload-1.5.jar:/home/smah/.m2/repository/commons-io/commons-io/2.11.0/commons-io-2.11.0.jar:/home/smah/.m2/repository/org/springframework/cloud/spring-cloud-commons/4.1.0/spring-cloud-commons-4.1.0.jar:/home/smah/.m2/repository/org/springframework/security/spring-security-crypto/6.2.1/spring-security-crypto-6.2.1.jar:/home/smah/.m2/repository/io/github/openfeign/feign-slf4j/13.1/feign-slf4j-13.1.jar:/home/smah/.m2/repository/org/springframework/boot/spring-boot-starter-actuator/3.2.2/spring-boot-starter-actuator-3.2.2.jar:/home/smah/.m2/repository/org/springframework/boot/spring-boot-actuator-autoconfigure/3.2.2/spring-boot-actuator-autoconfigure-3.2.2.jar:/home/smah/.m2/repository/org/springframework/boot/spring-boot-actuator/3.2.2/spring-boot-actuator-3.2.2.jar:/home/smah/.m2/repository/io/micrometer/micrometer-observation/1.12.2/micrometer-observation-1.12.2.jar:/home/smah/.m2/repository/io/micrometer/micrometer-commons/1.12.2/micrometer-commons-1.12.2.jar:/home/smah/.m2/repository/io/micrometer/micrometer-jakarta9/1.12.2/micrometer-jakarta9-1.12.2.jar:/home/smah/.m2/repository/io/micrometer/micrometer-core/1.12.2/micrometer-core-1.12.2.jar:/home/smah/.m2/repository/org/hdrhistogram/HdrHistogram/2.1.12/HdrHistogram-2.1.12.jar:/home/smah/.m2/repository/org/latencyutils/LatencyUtils/2.0.3/LatencyUtils-2.0.3.jar:/home/smah/.m2/repository/org/springframework/cloud/spring-cloud-starter-netflix-eureka-client/4.1.0/spring-cloud-starter-netflix-eureka-client-4.1.0.jar:/home/smah/.m2/repository/org/springframework/cloud/spring-cloud-netflix-eureka-client/4.1.0/spring-cloud-netflix-eureka-client-4.1.0.jar:/home/smah/.m2/repository/com/netflix/eureka/eureka-client/2.0.1/eureka-client-2.0.1.jar:/home/smah/.m2/repository/com/netflix/netflix-commons/netflix-eventbus/0.3.0/netflix-eventbus-0.3.0.jar:/home/smah/.m2/repository/com/netflix/netflix-commons/netflix-infix/0.3.0/netflix-infix-0.3.0.jar:/home/smah/.m2/repository/commons-jxpath/commons-jxpath/1.3/commons-jxpath-1.3.jar:/home/smah/.m2/repository/joda-time/joda-time/2.3/joda-time-2.3.jar:/home/smah/.m2/repository/org/antlr/antlr-runtime/3.4/antlr-runtime-3.4.jar:/home/smah/.m2/repository/org/antlr/stringtemplate/3.2.1/stringtemplate-3.2.1.jar:/home/smah/.m2/repository/antlr/antlr/2.7.7/antlr-2.7.7.jar:/home/smah/.m2/repository/com/google/code/gson/gson/2.10.1/gson-2.10.1.jar:/home/smah/.m2/repository/org/apache/commons/commons-math/2.2/commons-math-2.2.jar:/home/smah/.m2/repository/com/thoughtworks/xstream/xstream/1.4.19/xstream-1.4.19.jar:/home/smah/.m2/repository/io/github/x-stream/mxparser/1.2.2/mxparser-1.2.2.jar:/home/smah/.m2/repository/xmlpull/xmlpull/1.1.3.1/xmlpull-1.1.3.1.jar:/home/smah/.m2/repository/jakarta/ws/rs/jakarta.ws.rs-api/3.1.0/jakarta.ws.rs-api-3.1.0.jar:/home/smah/.m2/repository/com/netflix/servo/servo-core/0.12.21/servo-core-0.12.21.jar:/home/smah/.m2/repository/com/google/guava/guava/19.0/guava-19.0.jar:/home/smah/.m2/repository/org/apache/httpcomponents/httpclient/4.5.3/httpclient-4.5.3.jar:/home/smah/.m2/repository/org/apache/httpcomponents/httpcore/4.4.16/httpcore-4.4.16.jar:/home/smah/.m2/repository/commons-codec/commons-codec/1.16.0/commons-codec-1.16.0.jar:/home/smah/.m2/repository/commons-configuration/commons-configuration/1.10/commons-configuration-1.10.jar:/home/smah/.m2/repository/commons-lang/commons-lang/2.6/commons-lang-2.6.jar:/home/smah/.m2/repository/org/codehaus/jettison/jettison/1.4.0/jettison-1.4.0.jar:/home/smah/.m2/repository/com/netflix/eureka/eureka-core/2.0.1/eureka-core-2.0.1.jar:/home/smah/.m2/repository/com/fasterxml/woodstox/woodstox-core/6.2.1/woodstox-core-6.2.1.jar:/home/smah/.m2/repository/org/codehaus/woodstox/stax2-api/4.2.1/stax2-api-4.2.1.jar:/home/smah/.m2/repository/org/springframework/cloud/spring-cloud-starter-loadbalancer/4.1.0/spring-cloud-starter-loadbalancer-4.1.0.jar:/home/smah/.m2/repository/org/springframework/cloud/spring-cloud-loadbalancer/4.1.0/spring-cloud-loadbalancer-4.1.0.jar:/home/smah/.m2/repository/io/projectreactor/reactor-core/3.6.2/reactor-core-3.6.2.jar:/home/smah/.m2/repository/org/reactivestreams/reactive-streams/1.0.4/reactive-streams-1.0.4.jar:/home/smah/.m2/repository/io/projectreactor/addons/reactor-extra/3.5.1/reactor-extra-3.5.1.jar:/home/smah/.m2/repository/org/springframework/boot/spring-boot-starter-cache/3.2.2/spring-boot-starter-cache-3.2.2.jar:/home/smah/.m2/repository/org/springframework/spring-context-support/6.1.3/spring-context-support-6.1.3.jar:/home/smah/.m2/repository/com/stoyanr/evictor/1.0.0/evictor-1.0.0.jar:"/>
    <property name="java.vm.vendor" value="Oracle Corporation"/>
    <property name="sun.arch.data.model" value="64"/>
    <property name="swing.aatext" value="true"/>
    <property name="java.vendor.url" value="https://java.oracle.com/"/>
    <property name="user.timezone" value="Africa/Dakar"/>
    <property name="org.jboss.logging.provider" value="slf4j"/>
    <property name="os.name" value="Linux"/>
    <property name="java.vm.specification.version" value="21"/>
    <property name="sun.java.launcher" value="SUN_STANDARD"/>
    <property name="user.country" value="FR"/>
    <property name="sun.boot.library.path" value="/home/smah/.sdkman/candidates/java/21.0.1-graal/lib"/>
    <property name="sun.java.command" value="/home/smah/Documents/Projet/DAOS_microservice/Gestion_DAOS_Maquette/Gestion_DAOS/target/surefire/surefirebooter-20240227033519755_3.jar /home/smah/Documents/Projet/DAOS_microservice/Gestion_DAOS_Maquette/Gestion_DAOS/target/surefire 2024-02-27T03-35-19_586-jvmRun1 surefire-20240227033519755_1tmp surefire_0-20240227033519755_2tmp"/>
    <property name="jdk.debug" value="release"/>
    <property name="surefire.test.class.path" value="/home/smah/Documents/Projet/DAOS_microservice/Gestion_DAOS_Maquette/Gestion_DAOS/target/test-classes:/home/smah/Documents/Projet/DAOS_microservice/Gestion_DAOS_Maquette/Gestion_DAOS/target/classes:/home/smah/.m2/repository/org/springframework/boot/spring-boot-starter-data-jpa/3.2.2/spring-boot-starter-data-jpa-3.2.2.jar:/home/smah/.m2/repository/org/springframework/boot/spring-boot-starter-aop/3.2.2/spring-boot-starter-aop-3.2.2.jar:/home/smah/.m2/repository/org/springframework/spring-aop/6.1.3/spring-aop-6.1.3.jar:/home/smah/.m2/repository/org/aspectj/aspectjweaver/1.9.21/aspectjweaver-1.9.21.jar:/home/smah/.m2/repository/org/springframework/boot/spring-boot-starter-jdbc/3.2.2/spring-boot-starter-jdbc-3.2.2.jar:/home/smah/.m2/repository/com/zaxxer/HikariCP/5.0.1/HikariCP-5.0.1.jar:/home/smah/.m2/repository/org/springframework/spring-jdbc/6.1.3/spring-jdbc-6.1.3.jar:/home/smah/.m2/repository/org/hibernate/orm/hibernate-core/6.4.1.Final/hibernate-core-6.4.1.Final.jar:/home/smah/.m2/repository/jakarta/persistence/jakarta.persistence-api/3.1.0/jakarta.persistence-api-3.1.0.jar:/home/smah/.m2/repository/jakarta/transaction/jakarta.transaction-api/2.0.1/jakarta.transaction-api-2.0.1.jar:/home/smah/.m2/repository/org/jboss/logging/jboss-logging/3.5.3.Final/jboss-logging-3.5.3.Final.jar:/home/smah/.m2/repository/org/hibernate/common/hibernate-commons-annotations/6.0.6.Final/hibernate-commons-annotations-6.0.6.Final.jar:/home/smah/.m2/repository/io/smallrye/jandex/3.1.2/jandex-3.1.2.jar:/home/smah/.m2/repository/com/fasterxml/classmate/1.6.0/classmate-1.6.0.jar:/home/smah/.m2/repository/net/bytebuddy/byte-buddy/1.14.11/byte-buddy-1.14.11.jar:/home/smah/.m2/repository/org/glassfish/jaxb/jaxb-runtime/4.0.4/jaxb-runtime-4.0.4.jar:/home/smah/.m2/repository/org/glassfish/jaxb/jaxb-core/4.0.4/jaxb-core-4.0.4.jar:/home/smah/.m2/repository/org/eclipse/angus/angus-activation/2.0.1/angus-activation-2.0.1.jar:/home/smah/.m2/repository/org/glassfish/jaxb/txw2/4.0.4/txw2-4.0.4.jar:/home/smah/.m2/repository/com/sun/istack/istack-commons-runtime/4.1.2/istack-commons-runtime-4.1.2.jar:/home/smah/.m2/repository/jakarta/inject/jakarta.inject-api/2.0.1/jakarta.inject-api-2.0.1.jar:/home/smah/.m2/repository/org/antlr/antlr4-runtime/4.13.0/antlr4-runtime-4.13.0.jar:/home/smah/.m2/repository/org/springframework/data/spring-data-jpa/3.2.2/spring-data-jpa-3.2.2.jar:/home/smah/.m2/repository/org/springframework/data/spring-data-commons/3.2.2/spring-data-commons-3.2.2.jar:/home/smah/.m2/repository/org/springframework/spring-orm/6.1.3/spring-orm-6.1.3.jar:/home/smah/.m2/repository/org/springframework/spring-context/6.1.3/spring-context-6.1.3.jar:/home/smah/.m2/repository/org/springframework/spring-tx/6.1.3/spring-tx-6.1.3.jar:/home/smah/.m2/repository/org/springframework/spring-beans/6.1.3/spring-beans-6.1.3.jar:/home/smah/.m2/repository/jakarta/annotation/jakarta.annotation-api/2.1.1/jakarta.annotation-api-2.1.1.jar:/home/smah/.m2/repository/org/slf4j/slf4j-api/2.0.11/slf4j-api-2.0.11.jar:/home/smah/.m2/repository/org/springframework/spring-aspects/6.1.3/spring-aspects-6.1.3.jar:/home/smah/.m2/repository/org/springframework/boot/spring-boot-starter-data-rest/3.2.2/spring-boot-starter-data-rest-3.2.2.jar:/home/smah/.m2/repository/org/springframework/data/spring-data-rest-webmvc/4.2.2/spring-data-rest-webmvc-4.2.2.jar:/home/smah/.m2/repository/org/springframework/data/spring-data-rest-core/4.2.2/spring-data-rest-core-4.2.2.jar:/home/smah/.m2/repository/org/springframework/hateoas/spring-hateoas/2.2.0/spring-hateoas-2.2.0.jar:/home/smah/.m2/repository/org/springframework/plugin/spring-plugin-core/3.0.0/spring-plugin-core-3.0.0.jar:/home/smah/.m2/repository/org/atteo/evo-inflector/1.3/evo-inflector-1.3.jar:/home/smah/.m2/repository/com/fasterxml/jackson/core/jackson-annotations/2.15.3/jackson-annotations-2.15.3.jar:/home/smah/.m2/repository/org/springframework/boot/spring-boot-starter-thymeleaf/3.2.2/spring-boot-starter-thymeleaf-3.2.2.jar:/home/smah/.m2/repository/org/springframework/boot/spring-boot-starter/3.2.2/spring-boot-starter-3.2.2.jar:/home/smah/.m2/repository/org/springframework/boot/spring-boot-starter-logging/3.2.2/spring-boot-starter-logging-3.2.2.jar:/home/smah/.m2/repository/ch/qos/logback/logback-classic/1.4.14/logback-classic-1.4.14.jar:/home/smah/.m2/repository/ch/qos/logback/logback-core/1.4.14/logback-core-1.4.14.jar:/home/smah/.m2/repository/org/apache/logging/log4j/log4j-to-slf4j/2.21.1/log4j-to-slf4j-2.21.1.jar:/home/smah/.m2/repository/org/apache/logging/log4j/log4j-api/2.21.1/log4j-api-2.21.1.jar:/home/smah/.m2/repository/org/slf4j/jul-to-slf4j/2.0.11/jul-to-slf4j-2.0.11.jar:/home/smah/.m2/repository/org/yaml/snakeyaml/2.2/snakeyaml-2.2.jar:/home/smah/.m2/repository/org/thymeleaf/thymeleaf-spring6/3.1.2.RELEASE/thymeleaf-spring6-3.1.2.RELEASE.jar:/home/smah/.m2/repository/org/thymeleaf/thymeleaf/3.1.2.RELEASE/thymeleaf-3.1.2.RELEASE.jar:/home/smah/.m2/repository/org/attoparser/attoparser/2.0.7.RELEASE/attoparser-2.0.7.RELEASE.jar:/home/smah/.m2/repository/org/unbescape/unbescape/1.1.6.RELEASE/unbescape-1.1.6.RELEASE.jar:/home/smah/.m2/repository/org/springframework/boot/spring-boot-starter-web/3.2.2/spring-boot-starter-web-3.2.2.jar:/home/smah/.m2/repository/org/springframework/boot/spring-boot-starter-json/3.2.2/spring-boot-starter-json-3.2.2.jar:/home/smah/.m2/repository/com/fasterxml/jackson/datatype/jackson-datatype-jdk8/2.15.3/jackson-datatype-jdk8-2.15.3.jar:/home/smah/.m2/repository/com/fasterxml/jackson/datatype/jackson-datatype-jsr310/2.15.3/jackson-datatype-jsr310-2.15.3.jar:/home/smah/.m2/repository/com/fasterxml/jackson/module/jackson-module-parameter-names/2.15.3/jackson-module-parameter-names-2.15.3.jar:/home/smah/.m2/repository/org/springframework/boot/spring-boot-starter-tomcat/3.2.2/spring-boot-starter-tomcat-3.2.2.jar:/home/smah/.m2/repository/org/apache/tomcat/embed/tomcat-embed-core/10.1.18/tomcat-embed-core-10.1.18.jar:/home/smah/.m2/repository/org/apache/tomcat/embed/tomcat-embed-el/10.1.18/tomcat-embed-el-10.1.18.jar:/home/smah/.m2/repository/org/apache/tomcat/embed/tomcat-embed-websocket/10.1.18/tomcat-embed-websocket-10.1.18.jar:/home/smah/.m2/repository/org/springframework/spring-web/6.1.3/spring-web-6.1.3.jar:/home/smah/.m2/repository/org/springframework/spring-webmvc/6.1.3/spring-webmvc-6.1.3.jar:/home/smah/.m2/repository/org/springframework/spring-expression/6.1.3/spring-expression-6.1.3.jar:/home/smah/.m2/repository/org/springframework/boot/spring-boot-devtools/3.2.2/spring-boot-devtools-3.2.2.jar:/home/smah/.m2/repository/org/springframework/boot/spring-boot/3.2.2/spring-boot-3.2.2.jar:/home/smah/.m2/repository/org/springframework/boot/spring-boot-autoconfigure/3.2.2/spring-boot-autoconfigure-3.2.2.jar:/home/smah/.m2/repository/org/mariadb/jdbc/mariadb-java-client/3.3.2/mariadb-java-client-3.3.2.jar:/home/smah/.m2/repository/com/github/waffle/waffle-jna/3.3.0/waffle-jna-3.3.0.jar:/home/smah/.m2/repository/net/java/dev/jna/jna/5.13.0/jna-5.13.0.jar:/home/smah/.m2/repository/net/java/dev/jna/jna-platform/5.13.0/jna-platform-5.13.0.jar:/home/smah/.m2/repository/org/slf4j/jcl-over-slf4j/2.0.11/jcl-over-slf4j-2.0.11.jar:/home/smah/.m2/repository/com/github/ben-manes/caffeine/caffeine/3.1.8/caffeine-3.1.8.jar:/home/smah/.m2/repository/com/google/errorprone/error_prone_annotations/2.21.1/error_prone_annotations-2.21.1.jar:/home/smah/.m2/repository/org/checkerframework/checker-qual/3.32.0/checker-qual-3.32.0.jar:/home/smah/.m2/repository/org/projectlombok/lombok/1.18.30/lombok-1.18.30.jar:/home/smah/.m2/repository/org/springframework/boot/spring-boot-starter-test/3.2.2/spring-boot-starter-test-3.2.2.jar:/home/smah/.m2/repository/org/springframework/boot/spring-boot-test/3.2.2/spring-boot-test-3.2.2.jar:/home/smah/.m2/repository/org/springframework/boot/spring-boot-test-autoconfigure/3.2.2/spring-boot-test-autoconfigure-3.2.2.jar:/home/smah/.m2/repository/com/jayway/jsonpath/json-path/2.8.0/json-path-2.8.0.jar:/home/smah/.m2/repository/jakarta/xml/bind/jakarta.xml.bind-api/4.0.1/jakarta.xml.bind-api-4.0.1.jar:/home/smah/.m2/repository/jakarta/activation/jakarta.activation-api/2.1.2/jakarta.activation-api-2.1.2.jar:/home/smah/.m2/repository/net/minidev/json-smart/2.5.0/json-smart-2.5.0.jar:/home/smah/.m2/repository/net/minidev/accessors-smart/2.5.0/accessors-smart-2.5.0.jar:/home/smah/.m2/repository/org/ow2/asm/asm/9.3/asm-9.3.jar:/home/smah/.m2/repository/org/assertj/assertj-core/3.24.2/assertj-core-3.24.2.jar:/home/smah/.m2/repository/org/awaitility/awaitility/4.2.0/awaitility-4.2.0.jar:/home/smah/.m2/repository/org/hamcrest/hamcrest/2.2/hamcrest-2.2.jar:/home/smah/.m2/repository/org/junit/jupiter/junit-jupiter/5.10.1/junit-jupiter-5.10.1.jar:/home/smah/.m2/repository/org/junit/jupiter/junit-jupiter-api/5.10.1/junit-jupiter-api-5.10.1.jar:/home/smah/.m2/repository/org/opentest4j/opentest4j/1.3.0/opentest4j-1.3.0.jar:/home/smah/.m2/repository/org/junit/platform/junit-platform-commons/1.10.1/junit-platform-commons-1.10.1.jar:/home/smah/.m2/repository/org/apiguardian/apiguardian-api/1.1.2/apiguardian-api-1.1.2.jar:/home/smah/.m2/repository/org/junit/jupiter/junit-jupiter-params/5.10.1/junit-jupiter-params-5.10.1.jar:/home/smah/.m2/repository/org/junit/jupiter/junit-jupiter-engine/5.10.1/junit-jupiter-engine-5.10.1.jar:/home/smah/.m2/repository/org/junit/platform/junit-platform-engine/1.10.1/junit-platform-engine-1.10.1.jar:/home/smah/.m2/repository/org/mockito/mockito-core/5.7.0/mockito-core-5.7.0.jar:/home/smah/.m2/repository/net/bytebuddy/byte-buddy-agent/1.14.11/byte-buddy-agent-1.14.11.jar:/home/smah/.m2/repository/org/objenesis/objenesis/3.3/objenesis-3.3.jar:/home/smah/.m2/repository/org/mockito/mockito-junit-jupiter/5.7.0/mockito-junit-jupiter-5.7.0.jar:/home/smah/.m2/repository/org/skyscreamer/jsonassert/1.5.1/jsonassert-1.5.1.jar:/home/smah/.m2/repository/com/vaadin/external/google/android-json/0.0.20131108.vaadin1/android-json-0.0.20131108.vaadin1.jar:/home/smah/.m2/repository/org/springframework/spring-core/6.1.3/spring-core-6.1.3.jar:/home/smah/.m2/repository/org/springframework/spring-jcl/6.1.3/spring-jcl-6.1.3.jar:/home/smah/.m2/repository/org/springframework/spring-test/6.1.3/spring-test-6.1.3.jar:/home/smah/.m2/repository/org/xmlunit/xmlunit-core/2.9.1/xmlunit-core-2.9.1.jar:/home/smah/.m2/repository/io/github/openfeign/feign-core/11.6/feign-core-11.6.jar:/home/smah/.m2/repository/org/springframework/cloud/spring-cloud-starter-config/4.1.0/spring-cloud-starter-config-4.1.0.jar:/home/smah/.m2/repository/org/springframework/cloud/spring-cloud-starter/4.1.0/spring-cloud-starter-4.1.0.jar:/home/smah/.m2/repository/org/springframework/cloud/spring-cloud-context/4.1.0/spring-cloud-context-4.1.0.jar:/home/smah/.m2/repository/org/springframework/security/spring-security-rsa/1.1.1/spring-security-rsa-1.1.1.jar:/home/smah/.m2/repository/org/bouncycastle/bcprov-jdk18on/1.74/bcprov-jdk18on-1.74.jar:/home/smah/.m2/repository/org/springframework/cloud/spring-cloud-config-client/4.1.0/spring-cloud-config-client-4.1.0.jar:/home/smah/.m2/repository/org/apache/httpcomponents/client5/httpclient5/5.2.3/httpclient5-5.2.3.jar:/home/smah/.m2/repository/org/apache/httpcomponents/core5/httpcore5/5.2.4/httpcore5-5.2.4.jar:/home/smah/.m2/repository/org/apache/httpcomponents/core5/httpcore5-h2/5.2.4/httpcore5-h2-5.2.4.jar:/home/smah/.m2/repository/com/fasterxml/jackson/core/jackson-databind/2.15.3/jackson-databind-2.15.3.jar:/home/smah/.m2/repository/com/fasterxml/jackson/core/jackson-core/2.15.3/jackson-core-2.15.3.jar:/home/smah/.m2/repository/org/springframework/cloud/spring-cloud-starter-openfeign/3.0.3/spring-cloud-starter-openfeign-3.0.3.jar:/home/smah/.m2/repository/org/springframework/cloud/spring-cloud-openfeign-core/4.1.0/spring-cloud-openfeign-core-4.1.0.jar:/home/smah/.m2/repository/io/github/openfeign/form/feign-form-spring/3.8.0/feign-form-spring-3.8.0.jar:/home/smah/.m2/repository/io/github/openfeign/form/feign-form/3.8.0/feign-form-3.8.0.jar:/home/smah/.m2/repository/commons-fileupload/commons-fileupload/1.5/commons-fileupload-1.5.jar:/home/smah/.m2/repository/commons-io/commons-io/2.11.0/commons-io-2.11.0.jar:/home/smah/.m2/repository/org/springframework/cloud/spring-cloud-commons/4.1.0/spring-cloud-commons-4.1.0.jar:/home/smah/.m2/repository/org/springframework/security/spring-security-crypto/6.2.1/spring-security-crypto-6.2.1.jar:/home/smah/.m2/repository/io/github/openfeign/feign-slf4j/13.1/feign-slf4j-13.1.jar:/home/smah/.m2/repository/org/springframework/boot/spring-boot-starter-actuator/3.2.2/spring-boot-starter-actuator-3.2.2.jar:/home/smah/.m2/repository/org/springframework/boot/spring-boot-actuator-autoconfigure/3.2.2/spring-boot-actuator-autoconfigure-3.2.2.jar:/home/smah/.m2/repository/org/springframework/boot/spring-boot-actuator/3.2.2/spring-boot-actuator-3.2.2.jar:/home/smah/.m2/repository/io/micrometer/micrometer-observation/1.12.2/micrometer-observation-1.12.2.jar:/home/smah/.m2/repository/io/micrometer/micrometer-commons/1.12.2/micrometer-commons-1.12.2.jar:/home/smah/.m2/repository/io/micrometer/micrometer-jakarta9/1.12.2/micrometer-jakarta9-1.12.2.jar:/home/smah/.m2/repository/io/micrometer/micrometer-core/1.12.2/micrometer-core-1.12.2.jar:/home/smah/.m2/repository/org/hdrhistogram/HdrHistogram/2.1.12/HdrHistogram-2.1.12.jar:/home/smah/.m2/repository/org/latencyutils/LatencyUtils/2.0.3/LatencyUtils-2.0.3.jar:/home/smah/.m2/repository/org/springframework/cloud/spring-cloud-starter-netflix-eureka-client/4.1.0/spring-cloud-starter-netflix-eureka-client-4.1.0.jar:/home/smah/.m2/repository/org/springframework/cloud/spring-cloud-netflix-eureka-client/4.1.0/spring-cloud-netflix-eureka-client-4.1.0.jar:/home/smah/.m2/repository/com/netflix/eureka/eureka-client/2.0.1/eureka-client-2.0.1.jar:/home/smah/.m2/repository/com/netflix/netflix-commons/netflix-eventbus/0.3.0/netflix-eventbus-0.3.0.jar:/home/smah/.m2/repository/com/netflix/netflix-commons/netflix-infix/0.3.0/netflix-infix-0.3.0.jar:/home/smah/.m2/repository/commons-jxpath/commons-jxpath/1.3/commons-jxpath-1.3.jar:/home/smah/.m2/repository/joda-time/joda-time/2.3/joda-time-2.3.jar:/home/smah/.m2/repository/org/antlr/antlr-runtime/3.4/antlr-runtime-3.4.jar:/home/smah/.m2/repository/org/antlr/stringtemplate/3.2.1/stringtemplate-3.2.1.jar:/home/smah/.m2/repository/antlr/antlr/2.7.7/antlr-2.7.7.jar:/home/smah/.m2/repository/com/google/code/gson/gson/2.10.1/gson-2.10.1.jar:/home/smah/.m2/repository/org/apache/commons/commons-math/2.2/commons-math-2.2.jar:/home/smah/.m2/repository/com/thoughtworks/xstream/xstream/1.4.19/xstream-1.4.19.jar:/home/smah/.m2/repository/io/github/x-stream/mxparser/1.2.2/mxparser-1.2.2.jar:/home/smah/.m2/repository/xmlpull/xmlpull/1.1.3.1/xmlpull-1.1.3.1.jar:/home/smah/.m2/repository/jakarta/ws/rs/jakarta.ws.rs-api/3.1.0/jakarta.ws.rs-api-3.1.0.jar:/home/smah/.m2/repository/com/netflix/servo/servo-core/0.12.21/servo-core-0.12.21.jar:/home/smah/.m2/repository/com/google/guava/guava/19.0/guava-19.0.jar:/home/smah/.m2/repository/org/apache/httpcomponents/httpclient/4.5.3/httpclient-4.5.3.jar:/home/smah/.m2/repository/org/apache/httpcomponents/httpcore/4.4.16/httpcore-4.4.16.jar:/home/smah/.m2/repository/commons-codec/commons-codec/1.16.0/commons-codec-1.16.0.jar:/home/smah/.m2/repository/commons-configuration/commons-configuration/1.10/commons-configuration-1.10.jar:/home/smah/.m2/repository/commons-lang/commons-lang/2.6/commons-lang-2.6.jar:/home/smah/.m2/repository/org/codehaus/jettison/jettison/1.4.0/jettison-1.4.0.jar:/home/smah/.m2/repository/com/netflix/eureka/eureka-core/2.0.1/eureka-core-2.0.1.jar:/home/smah/.m2/repository/com/fasterxml/woodstox/woodstox-core/6.2.1/woodstox-core-6.2.1.jar:/home/smah/.m2/repository/org/codehaus/woodstox/stax2-api/4.2.1/stax2-api-4.2.1.jar:/home/smah/.m2/repository/org/springframework/cloud/spring-cloud-starter-loadbalancer/4.1.0/spring-cloud-starter-loadbalancer-4.1.0.jar:/home/smah/.m2/repository/org/springframework/cloud/spring-cloud-loadbalancer/4.1.0/spring-cloud-loadbalancer-4.1.0.jar:/home/smah/.m2/repository/io/projectreactor/reactor-core/3.6.2/reactor-core-3.6.2.jar:/home/smah/.m2/repository/org/reactivestreams/reactive-streams/1.0.4/reactive-streams-1.0.4.jar:/home/smah/.m2/repository/io/projectreactor/addons/reactor-extra/3.5.1/reactor-extra-3.5.1.jar:/home/smah/.m2/repository/org/springframework/boot/spring-boot-starter-cache/3.2.2/spring-boot-starter-cache-3.2.2.jar:/home/smah/.m2/repository/org/springframework/spring-context-support/6.1.3/spring-context-support-6.1.3.jar:/home/smah/.m2/repository/com/stoyanr/evictor/1.0.0/evictor-1.0.0.jar:"/>
    <property name="sun.cpu.endian" value="little"/>
    <property name="user.home" value="/home/smah"/>
    <property name="user.language" value="fr"/>
    <property name="java.specification.vendor" value="Oracle Corporation"/>
    <property name="java.version.date" value="2023-10-17"/>
    <property name="java.home" value="/home/smah/.sdkman/candidates/java/21.0.1-graal"/>
    <property name="file.separator" value="/"/>
    <property name="basedir" value="/home/smah/Documents/Projet/DAOS_microservice/Gestion_DAOS_Maquette/Gestion_DAOS"/>
    <property name="java.vm.compressedOopsMode" value="Zero based"/>
    <property name="jdk.internal.vm.ci.enabled" value="true"/>
    <property name="line.separator" value="&#10;"/>
    <property name="java.vm.specification.vendor" value="Oracle Corporation"/>
    <property name="java.specification.name" value="Java Platform API Specification"/>
    <property name="FILE_LOG_CHARSET" value="UTF-8"/>
    <property name="java.awt.headless" value="true"/>
    <property name="surefire.real.class.path" value="/home/smah/Documents/Projet/DAOS_microservice/Gestion_DAOS_Maquette/Gestion_DAOS/target/surefire/surefirebooter-20240227033519755_3.jar"/>
    <property name="awt.useSystemAAFontSettings" value="on"/>
    <property name="sun.management.compiler" value="HotSpot 64-Bit Tiered Compilers"/>
    <property name="java.runtime.version" value="21.0.1+12-jvmci-23.1-b19"/>
    <property name="user.name" value="smah"/>
    <property name="stdout.encoding" value="UTF-8"/>
    <property name="path.separator" value=":"/>
    <property name="os.version" value="6.5.0-kali1-amd64"/>
    <property name="java.runtime.name" value="Java(TM) SE Runtime Environment"/>
    <property name="file.encoding" value="UTF-8"/>
    <property name="java.vm.name" value="Java HotSpot(TM) 64-Bit Server VM"/>
    <property name="java.vendor.version" value="Oracle GraalVM 21.0.1+12.1"/>
    <property name="localRepository" value="/home/smah/.m2/repository"/>
    <property name="java.vendor.url.bug" value="https://bugreport.java.com/bugreport/"/>
    <property name="java.io.tmpdir" value="/tmp"/>
    <property name="com.zaxxer.hikari.pool_number" value="1"/>
    <property name="java.version" value="21.0.1"/>
    <property name="user.dir" value="/home/smah/Documents/Projet/DAOS_microservice/Gestion_DAOS_Maquette/Gestion_DAOS"/>
    <property name="os.arch" value="amd64"/>
    <property name="java.vm.specification.name" value="Java Virtual Machine Specification"/>
    <property name="PID" value="1952654"/>
    <property name="CONSOLE_LOG_CHARSET" value="UTF-8"/>
    <property name="native.encoding" value="UTF-8"/>
    <property name="java.library.path" value="/usr/java/packages/lib:/usr/lib64:/lib64:/lib:/usr/lib"/>
    <property name="java.vm.info" value="mixed mode, sharing"/>
    <property name="stderr.encoding" value="UTF-8"/>
    <property name="java.vendor" value="Oracle Corporation"/>
    <property name="java.vm.version" value="21.0.1+12-jvmci-23.1-b19"/>
    <property name="sun.io.unicode.encoding" value="UnicodeLittle"/>
    <property name="java.class.version" value="65.0"/>
    <property name="LOGGED_APPLICATION_NAME" value="[maquette-service] "/>
  </properties>
  <testcase name="contextLoads" classname="com.uasz.Gestion_DAOS_Maquette.GestionDaosMaquetteApplicationTests" time="0.888">
    <system-out><![CDATA[03:35:21.492 [main] INFO org.springframework.test.context.support.AnnotationConfigContextLoaderUtils -- Could not detect default configuration classes for test class [com.uasz.Gestion_DAOS_Maquette.GestionDaosMaquetteApplicationTests]: GestionDaosMaquetteApplicationTests does not declare any static, non-private, non-final, nested classes annotated with @Configuration.
03:35:21.751 [main] INFO org.springframework.boot.test.context.SpringBootTestContextBootstrapper -- Found @SpringBootConfiguration com.uasz.Gestion_DAOS_Maquette.GestionDaosMaquetteApplication for test class com.uasz.Gestion_DAOS_Maquette.GestionDaosMaquetteApplicationTests
03:35:22.050 [main] INFO org.springframework.boot.devtools.restart.RestartApplicationListener -- Restart disabled due to context in which it is running

  .   ____          _            __ _ _
 /\\ / ___'_ __ _ _(_)_ __  __ _ \ \ \ \
( ( )\___ | '_ | '_| | '_ \/ _` | \ \ \ \
 \\/  ___)| |_)| | | | | || (_| |  ) ) ) )
  '  |____| .__|_| |_|_| |_\__, | / / / /
 =========|_|==============|___/=/_/_/_/
 :: Spring Boot ::                (v3.2.2)

2024-02-27T03:35:24.297Z  INFO 1952654 --- [maquette-service] [           main] .u.G.GestionDaosMaquetteApplicationTests : Starting GestionDaosMaquetteApplicationTests using Java 21.0.1 with PID 1952654 (started by smah in /home/smah/Documents/Projet/DAOS_microservice/Gestion_DAOS_Maquette/Gestion_DAOS)
2024-02-27T03:35:24.302Z  INFO 1952654 --- [maquette-service] [           main] .u.G.GestionDaosMaquetteApplicationTests : No active profile set, falling back to 1 default profile: "default"
2024-02-27T03:35:24.374Z  INFO 1952654 --- [maquette-service] [           main] o.s.c.c.c.ConfigServerConfigDataLoader   : Fetching config from server at : http://localhost:8888/
2024-02-27T03:35:24.375Z  INFO 1952654 --- [maquette-service] [           main] o.s.c.c.c.ConfigServerConfigDataLoader   : Located environment: name=maquette-service, profiles=[default], label=null, version=ac2c859dca1e25d412152a018f82b4894df4aab4, state=null
2024-02-27T03:35:27.019Z  INFO 1952654 --- [maquette-service] [           main] .s.d.r.c.RepositoryConfigurationDelegate : Bootstrapping Spring Data JPA repositories in DEFAULT mode.
2024-02-27T03:35:27.502Z  INFO 1952654 --- [maquette-service] [           main] .s.d.r.c.RepositoryConfigurationDelegate : Finished Spring Data repository scanning in 464 ms. Found 12 JPA repository interfaces.
2024-02-27T03:35:28.862Z  INFO 1952654 --- [maquette-service] [           main] o.s.cloud.context.scope.GenericScope     : BeanFactory id=e189652a-ff26-3b0b-b445-b39d3f2c3a49
2024-02-27T03:35:30.317Z  WARN 1952654 --- [maquette-service] [           main] trationDelegate$BeanPostProcessorChecker : Bean 'org.springframework.cloud.client.loadbalancer.LoadBalancerAutoConfiguration$LoadBalancerInterceptorConfig' of type [org.springframework.cloud.client.loadbalancer.LoadBalancerAutoConfiguration$LoadBalancerInterceptorConfig] is not eligible for getting processed by all BeanPostProcessors (for example: not eligible for auto-proxying). The currently created BeanPostProcessor [lbRestClientPostProcessor] is declared through a non-static factory method on that class; consider declaring it as static instead.
2024-02-27T03:35:30.333Z  WARN 1952654 --- [maquette-service] [           main] trationDelegate$BeanPostProcessorChecker : Bean 'org.springframework.cloud.loadbalancer.config.BlockingLoadBalancerClientAutoConfiguration' of type [org.springframework.cloud.loadbalancer.config.BlockingLoadBalancerClientAutoConfiguration] is not eligible for getting processed by all BeanPostProcessors (for example: not eligible for auto-proxying). Is this bean getting eagerly injected into a currently created BeanPostProcessor [lbRestClientPostProcessor]? Check the corresponding BeanPostProcessor declaration and its dependencies.
2024-02-27T03:35:30.347Z  WARN 1952654 --- [maquette-service] [           main] trationDelegate$BeanPostProcessorChecker : Bean 'org.springframework.cloud.loadbalancer.config.LoadBalancerAutoConfiguration' of type [org.springframework.cloud.loadbalancer.config.LoadBalancerAutoConfiguration] is not eligible for getting processed by all BeanPostProcessors (for example: not eligible for auto-proxying). Is this bean getting eagerly injected into a currently created BeanPostProcessor [lbRestClientPostProcessor]? Check the corresponding BeanPostProcessor declaration and its dependencies.
2024-02-27T03:35:30.378Z  WARN 1952654 --- [maquette-service] [           main] trationDelegate$BeanPostProcessorChecker : Bean 'org.springframework.cloud.commons.config.CommonsConfigAutoConfiguration' of type [org.springframework.cloud.commons.config.CommonsConfigAutoConfiguration] is not eligible for getting processed by all BeanPostProcessors (for example: not eligible for auto-proxying). Is this bean getting eagerly injected into a currently created BeanPostProcessor [lbRestClientPostProcessor]? Check the corresponding BeanPostProcessor declaration and its dependencies.
2024-02-27T03:35:30.394Z  WARN 1952654 --- [maquette-service] [           main] trationDelegate$BeanPostProcessorChecker : Bean 'org.springframework.cloud.client.loadbalancer.LoadBalancerDefaultMappingsProviderAutoConfiguration' of type [org.springframework.cloud.client.loadbalancer.LoadBalancerDefaultMappingsProviderAutoConfiguration] is not eligible for getting processed by all BeanPostProcessors (for example: not eligible for auto-proxying). Is this bean getting eagerly injected into a currently created BeanPostProcessor [lbRestClientPostProcessor]? Check the corresponding BeanPostProcessor declaration and its dependencies.
2024-02-27T03:35:30.399Z  WARN 1952654 --- [maquette-service] [           main] trationDelegate$BeanPostProcessorChecker : Bean 'loadBalancerClientsDefaultsMappingsProvider' of type [org.springframework.cloud.client.loadbalancer.LoadBalancerDefaultMappingsProviderAutoConfiguration$$Lambda/0x00007f45c451a070] is not eligible for getting processed by all BeanPostProcessors (for example: not eligible for auto-proxying). Is this bean getting eagerly injected into a currently created BeanPostProcessor [lbRestClientPostProcessor]? Check the corresponding BeanPostProcessor declaration and its dependencies.
2024-02-27T03:35:30.407Z  WARN 1952654 --- [maquette-service] [           main] trationDelegate$BeanPostProcessorChecker : Bean 'defaultsBindHandlerAdvisor' of type [org.springframework.cloud.commons.config.DefaultsBindHandlerAdvisor] is not eligible for getting processed by all BeanPostProcessors (for example: not eligible for auto-proxying). Is this bean getting eagerly injected into a currently created BeanPostProcessor [lbRestClientPostProcessor]? Check the corresponding BeanPostProcessor declaration and its dependencies.
2024-02-27T03:35:30.437Z  WARN 1952654 --- [maquette-service] [           main] trationDelegate$BeanPostProcessorChecker : Bean 'spring.cloud.loadbalancer-org.springframework.cloud.client.loadbalancer.LoadBalancerClientsProperties' of type [org.springframework.cloud.client.loadbalancer.LoadBalancerClientsProperties] is not eligible for getting processed by all BeanPostProcessors (for example: not eligible for auto-proxying). Is this bean getting eagerly injected into a currently created BeanPostProcessor [lbRestClientPostProcessor]? Check the corresponding BeanPostProcessor declaration and its dependencies.
2024-02-27T03:35:30.459Z  WARN 1952654 --- [maquette-service] [           main] trationDelegate$BeanPostProcessorChecker : Bean 'default.org.springframework.cloud.loadbalancer.config.LoadBalancerAutoConfiguration.LoadBalancerClientSpecification' of type [org.springframework.cloud.loadbalancer.annotation.LoadBalancerClientSpecification] is not eligible for getting processed by all BeanPostProcessors (for example: not eligible for auto-proxying). Is this bean getting eagerly injected into a currently created BeanPostProcessor [lbRestClientPostProcessor]? Check the corresponding BeanPostProcessor declaration and its dependencies.
2024-02-27T03:35:30.466Z  WARN 1952654 --- [maquette-service] [           main] trationDelegate$BeanPostProcessorChecker : Bean 'default.org.springframework.cloud.loadbalancer.config.BlockingLoadBalancerClientAutoConfiguration.LoadBalancerClientSpecification' of type [org.springframework.cloud.loadbalancer.annotation.LoadBalancerClientSpecification] is not eligible for getting processed by all BeanPostProcessors (for example: not eligible for auto-proxying). Is this bean getting eagerly injected into a currently created BeanPostProcessor [lbRestClientPostProcessor]? Check the corresponding BeanPostProcessor declaration and its dependencies.
2024-02-27T03:35:30.469Z  WARN 1952654 --- [maquette-service] [           main] trationDelegate$BeanPostProcessorChecker : Bean 'default.org.springframework.cloud.netflix.eureka.loadbalancer.LoadBalancerEurekaAutoConfiguration.LoadBalancerClientSpecification' of type [org.springframework.cloud.loadbalancer.annotation.LoadBalancerClientSpecification] is not eligible for getting processed by all BeanPostProcessors (for example: not eligible for auto-proxying). Is this bean getting eagerly injected into a currently created BeanPostProcessor [lbRestClientPostProcessor]? Check the corresponding BeanPostProcessor declaration and its dependencies.
2024-02-27T03:35:30.473Z  WARN 1952654 --- [maquette-service] [           main] trationDelegate$BeanPostProcessorChecker : Bean 'loadBalancerClientFactory' of type [org.springframework.cloud.loadbalancer.support.LoadBalancerClientFactory] is not eligible for getting processed by all BeanPostProcessors (for example: not eligible for auto-proxying). Is this bean getting eagerly injected into a currently created BeanPostProcessor [lbRestClientPostProcessor]? Check the corresponding BeanPostProcessor declaration and its dependencies.
2024-02-27T03:35:30.495Z  WARN 1952654 --- [maquette-service] [           main] trationDelegate$BeanPostProcessorChecker : Bean 'blockingLoadBalancerClient' of type [org.springframework.cloud.loadbalancer.blocking.client.BlockingLoadBalancerClient] is not eligible for getting processed by all BeanPostProcessors (for example: not eligible for auto-proxying). Is this bean getting eagerly injected into a currently created BeanPostProcessor [lbRestClientPostProcessor]? Check the corresponding BeanPostProcessor declaration and its dependencies.
2024-02-27T03:35:30.521Z  WARN 1952654 --- [maquette-service] [           main] trationDelegate$BeanPostProcessorChecker : Bean 'loadBalancerServiceInstanceCookieTransformer' of type [org.springframework.cloud.loadbalancer.core.LoadBalancerServiceInstanceCookieTransformer] is not eligible for getting processed by all BeanPostProcessors (for example: not eligible for auto-proxying). Is this bean getting eagerly injected into a currently created BeanPostProcessor [lbRestClientPostProcessor]? Check the corresponding BeanPostProcessor declaration and its dependencies.
2024-02-27T03:35:30.528Z  WARN 1952654 --- [maquette-service] [           main] trationDelegate$BeanPostProcessorChecker : Bean 'xForwarderHeadersTransformer' of type [org.springframework.cloud.loadbalancer.blocking.XForwardedHeadersTransformer] is not eligible for getting processed by all BeanPostProcessors (for example: not eligible for auto-proxying). Is this bean getting eagerly injected into a currently created BeanPostProcessor [lbRestClientPostProcessor]? Check the corresponding BeanPostProcessor declaration and its dependencies.
2024-02-27T03:35:30.534Z  WARN 1952654 --- [maquette-service] [           main] trationDelegate$BeanPostProcessorChecker : Bean 'org.springframework.cloud.client.loadbalancer.LoadBalancerAutoConfiguration' of type [org.springframework.cloud.client.loadbalancer.LoadBalancerAutoConfiguration] is not eligible for getting processed by all BeanPostProcessors (for example: not eligible for auto-proxying). Is this bean getting eagerly injected into a currently created BeanPostProcessor [lbRestClientPostProcessor]? Check the corresponding BeanPostProcessor declaration and its dependencies.
2024-02-27T03:35:30.541Z  WARN 1952654 --- [maquette-service] [           main] trationDelegate$BeanPostProcessorChecker : Bean 'loadBalancerRequestFactory' of type [org.springframework.cloud.client.loadbalancer.LoadBalancerRequestFactory] is not eligible for getting processed by all BeanPostProcessors (for example: not eligible for auto-proxying). Is this bean getting eagerly injected into a currently created BeanPostProcessor [lbRestClientPostProcessor]? Check the corresponding BeanPostProcessor declaration and its dependencies.
2024-02-27T03:35:30.545Z  WARN 1952654 --- [maquette-service] [           main] trationDelegate$BeanPostProcessorChecker : Bean 'loadBalancerInterceptor' of type [org.springframework.cloud.client.loadbalancer.LoadBalancerInterceptor] is not eligible for getting processed by all BeanPostProcessors (for example: not eligible for auto-proxying). Is this bean getting eagerly injected into a currently created BeanPostProcessor [lbRestClientPostProcessor]? Check the corresponding BeanPostProcessor declaration and its dependencies.
2024-02-27T03:35:30.952Z  INFO 1952654 --- [maquette-service] [           main] o.hibernate.jpa.internal.util.LogHelper  : HHH000204: Processing PersistenceUnitInfo [name: default]
2024-02-27T03:35:31.052Z  INFO 1952654 --- [maquette-service] [           main] org.hibernate.Version                    : HHH000412: Hibernate ORM core version 6.4.1.Final
2024-02-27T03:35:31.119Z  INFO 1952654 --- [maquette-service] [           main] o.h.c.internal.RegionFactoryInitiator    : HHH000026: Second-level cache disabled
2024-02-27T03:35:31.510Z  INFO 1952654 --- [maquette-service] [           main] o.s.o.j.p.SpringPersistenceUnitInfo      : No LoadTimeWeaver setup: ignoring JPA class transformer
2024-02-27T03:35:31.561Z  INFO 1952654 --- [maquette-service] [           main] com.zaxxer.hikari.HikariDataSource       : HikariPool-1 - Starting...
2024-02-27T03:35:31.765Z  INFO 1952654 --- [maquette-service] [           main] com.zaxxer.hikari.pool.HikariPool        : HikariPool-1 - Added connection org.mariadb.jdbc.Connection@5eba9e41
2024-02-27T03:35:31.769Z  INFO 1952654 --- [maquette-service] [           main] com.zaxxer.hikari.HikariDataSource       : HikariPool-1 - Start completed.
2024-02-27T03:35:34.205Z  INFO 1952654 --- [maquette-service] [           main] o.h.e.t.j.p.i.JtaPlatformInitiator       : HHH000489: No JTA platform available (set 'hibernate.transaction.jta.platform' to enable JTA platform integration)
Hibernate: alter table if exists classe drop foreign key if exists FKr86unnaj68xq6v9vdstvo7le4
Hibernate: alter table if exists classe drop foreign key if exists FKe7oa3v31ke22q1myu5slka3sn
Hibernate: alter table if exists ec drop foreign key if exists FKegh1lm3dclf3kumbu1d08mkrb
Hibernate: alter table if exists enseignement drop foreign key if exists FK42xyqcotndw5ljdk9b1j15nie
Hibernate: alter table if exists enseignement drop foreign key if exists FKafn2pica7xfb767uqm01shg9b
Hibernate: alter table if exists enseignement drop foreign key if exists FKmtujsvbeay4a34wmlu7ks5dax
Hibernate: alter table if exists enseignement drop foreign key if exists FK62cd0t99bbuwtsxn2tp317rqo
Hibernate: alter table if exists filiere_formations drop foreign key if exists FKrq4dgqkxot16vyp2pn9xc8e55
Hibernate: alter table if exists filiere_formations drop foreign key if exists FK3twmj6w72m44un8eb7fp25ccj
Hibernate: alter table if exists formation drop foreign key if exists FKixb0nv6g346h8mxb0aono9j8s
Hibernate: alter table if exists formation drop foreign key if exists FKmtm9wbiup0kj7y23vgfj4px26
Hibernate: alter table if exists formation drop foreign key if exists FK2qx01op7ect7ovesm9xk6v7qb
Hibernate: alter table if exists groupe drop foreign key if exists FKhhelkt59p1jjn58b3qd2cfjpl
Hibernate: alter table if exists groupe_enseignement drop foreign key if exists FK45c7s0gtkqyyrieh6bgu1l58
Hibernate: alter table if exists groupe_enseignement drop foreign key if exists FKrbsduxrlhn657305yob0yspgj
Hibernate: alter table if exists maquette drop foreign key if exists FKcji03fnorqd23y4v7a9m3wamv
Hibernate: alter table if exists module drop foreign key if exists FKben5cdggvcpi2oop6dpuylfwa
Hibernate: alter table if exists module drop foreign key if exists FK9opdlw68yhvichn5ilaji4xi9
Hibernate: alter table if exists module drop foreign key if exists FKoeiw5u717c5epg1pc84su1dqb
Hibernate: alter table if exists module drop foreign key if exists FKi4vi7dubxap6xogdjqkcqrrkv
Hibernate: alter table if exists niveau drop foreign key if exists FKhc9c4bn9sexj6ilra65jmofvf
Hibernate: alter table if exists ue drop foreign key if exists FKy76ca8kroqwbhvc9bmoj56x8
Hibernate: drop table if exists classe
Hibernate: drop table if exists cycle
Hibernate: drop table if exists ec
Hibernate: drop table if exists enseignement
Hibernate: drop table if exists filiere
Hibernate: drop table if exists filiere_formations
Hibernate: drop table if exists formation
Hibernate: drop table if exists groupe
Hibernate: drop table if exists groupe_enseignement
Hibernate: drop table if exists maquette
Hibernate: drop table if exists module
Hibernate: drop table if exists niveau
Hibernate: drop table if exists semestre
Hibernate: drop table if exists ue
Hibernate: drop table if exists utilisateur
Hibernate: create table classe (effectif integer not null, nbre_groupe integer not null, formation_id bigint, id bigint not null auto_increment, semestre_id bigint, description varchar(255), libelle varchar(255), primary key (id)) engine=InnoDB
Hibernate: create table cycle (id bigint not null auto_increment, nom varchar(255), primary key (id)) engine=InnoDB
Hibernate: create table ec (cm integer not null, coefficient integer not null, td integer not null, tp integer not null, tpe integer not null, date_creation datetime(6), id bigint not null auto_increment, ue_id bigint, code varchar(255), description varchar(255), libelle varchar(255), primary key (id)) engine=InnoDB
Hibernate: create table enseignement (classe_id bigint, groupe_id bigint, id bigint not null auto_increment, module_id bigint, description varchar(255), libelle varchar(255), objectifs varbinary(255), primary key (id)) engine=InnoDB
Hibernate: create table filiere (id bigint not null auto_increment, nom varchar(255), primary key (id)) engine=InnoDB
Hibernate: create table filiere_formations (filiere_id bigint not null, formations_id bigint not null) engine=InnoDB
Hibernate: create table formation (filiere_id bigint, id bigint not null auto_increment, maquette_id bigint, niveau_id bigint, nom varchar(255), primary key (id)) engine=InnoDB
Hibernate: create table groupe (effectif integer not null, classe bigint, id bigint not null auto_increment, description varchar(255), libelle varchar(255), primary key (id)) engine=InnoDB
Hibernate: create table groupe_enseignement (enseignement_id bigint not null, groupe_id bigint not null) engine=InnoDB
Hibernate: create table maquette (cm integer not null, coef integer not null, coef_ue integer not null, credit integer not null, cumule integer not null, td integer not null, tp integer not null, tpe integer not null, vh integer not null, formation_id bigint, id bigint not null auto_increment, intitule varchar(255), ue varchar(255), primary key (id)) engine=InnoDB
Hibernate: create table module (ec_id bigint, id bigint not null auto_increment, maquette_id bigint, semestre_id bigint, ue_id bigint, nom varchar(255), primary key (id)) engine=InnoDB
Hibernate: create table niveau (cycle bigint, id bigint not null auto_increment, nom varchar(255), primary key (id)) engine=InnoDB
Hibernate: create table semestre (id bigint not null auto_increment, description varchar(255), libelle varchar(255), primary key (id)) engine=InnoDB
Hibernate: create table ue (coefficient integer not null, credit integer not null, created_at datetime(6), id bigint not null auto_increment, utilisateur_id bigint, code varchar(255), description varchar(255), libelle varchar(255), primary key (id)) engine=InnoDB
Hibernate: create table utilisateur (id bigint not null auto_increment, primary key (id)) engine=InnoDB
Hibernate: alter table if exists filiere_formations add constraint UK_thrlvns7h79lam38jh6bpb3qt unique (formations_id)
Hibernate: alter table if exists formation add constraint UK_715su4grt3yben6wua85xtmeb unique (maquette_id)
Hibernate: alter table if exists groupe_enseignement add constraint UK_rctlwg1o3mx1kws9tn7w326ea unique (enseignement_id)
Hibernate: alter table if exists maquette add constraint UK_mgkc9gblpq829kre77nbkeenq unique (formation_id)
Hibernate: alter table if exists classe add constraint FKr86unnaj68xq6v9vdstvo7le4 foreign key (formation_id) references formation (id)
Hibernate: alter table if exists classe add constraint FKe7oa3v31ke22q1myu5slka3sn foreign key (semestre_id) references semestre (id)
Hibernate: alter table if exists ec add constraint FKegh1lm3dclf3kumbu1d08mkrb foreign key (ue_id) references ue (id)
Hibernate: alter table if exists enseignement add constraint FK42xyqcotndw5ljdk9b1j15nie foreign key (classe_id) references classe (id)
Hibernate: alter table if exists enseignement add constraint FKafn2pica7xfb767uqm01shg9b foreign key (groupe_id) references groupe (id)
Hibernate: alter table if exists enseignement add constraint FKmtujsvbeay4a34wmlu7ks5dax foreign key (module_id) references module (id)
Hibernate: alter table if exists enseignement add constraint FK62cd0t99bbuwtsxn2tp317rqo foreign key (id) references enseignement (id)
2024-02-27T03:35:34.636Z  WARN 1952654 --- [maquette-service] [           main] o.m.jdbc.message.server.ErrorPacket      : Error: 1025-HY000: Error on rename of './gestion_daos_maquette/#sql-alter-46c-6bd' to './gestion_daos_maquette/enseignement' (errno: 150 "Foreign key constraint is incorrectly formed")
2024-02-27T03:35:34.638Z  WARN 1952654 --- [maquette-service] [           main] o.h.t.s.i.ExceptionHandlerLoggedImpl     : GenerationTarget encountered exception accepting command : Error executing DDL "alter table if exists enseignement add constraint FK62cd0t99bbuwtsxn2tp317rqo foreign key (id) references enseignement (id)" via JDBC [(conn=1725) Error on rename of './gestion_daos_maquette/#sql-alter-46c-6bd' to './gestion_daos_maquette/enseignement' (errno: 150 "Foreign key constraint is incorrectly formed")]

org.hibernate.tool.schema.spi.CommandAcceptanceException: Error executing DDL "alter table if exists enseignement add constraint FK62cd0t99bbuwtsxn2tp317rqo foreign key (id) references enseignement (id)" via JDBC [(conn=1725) Error on rename of './gestion_daos_maquette/#sql-alter-46c-6bd' to './gestion_daos_maquette/enseignement' (errno: 150 "Foreign key constraint is incorrectly formed")]
	at org.hibernate.tool.schema.internal.exec.GenerationTargetToDatabase.accept(GenerationTargetToDatabase.java:94) ~[hibernate-core-6.4.1.Final.jar:6.4.1.Final]
	at org.hibernate.tool.schema.internal.Helper.applySqlString(Helper.java:233) ~[hibernate-core-6.4.1.Final.jar:6.4.1.Final]
	at org.hibernate.tool.schema.internal.Helper.applySqlStrings(Helper.java:217) ~[hibernate-core-6.4.1.Final.jar:6.4.1.Final]
	at org.hibernate.tool.schema.internal.SchemaCreatorImpl.createForeignKeys(SchemaCreatorImpl.java:303) ~[hibernate-core-6.4.1.Final.jar:6.4.1.Final]
	at org.hibernate.tool.schema.internal.SchemaCreatorImpl.createFromMetadata(SchemaCreatorImpl.java:250) ~[hibernate-core-6.4.1.Final.jar:6.4.1.Final]
	at org.hibernate.tool.schema.internal.SchemaCreatorImpl.performCreation(SchemaCreatorImpl.java:172) ~[hibernate-core-6.4.1.Final.jar:6.4.1.Final]
	at org.hibernate.tool.schema.internal.SchemaCreatorImpl.doCreation(SchemaCreatorImpl.java:142) ~[hibernate-core-6.4.1.Final.jar:6.4.1.Final]
	at org.hibernate.tool.schema.internal.SchemaCreatorImpl.doCreation(SchemaCreatorImpl.java:118) ~[hibernate-core-6.4.1.Final.jar:6.4.1.Final]
	at org.hibernate.tool.schema.spi.SchemaManagementToolCoordinator.performDatabaseAction(SchemaManagementToolCoordinator.java:256) ~[hibernate-core-6.4.1.Final.jar:6.4.1.Final]
	at org.hibernate.tool.schema.spi.SchemaManagementToolCoordinator.lambda$process$5(SchemaManagementToolCoordinator.java:145) ~[hibernate-core-6.4.1.Final.jar:6.4.1.Final]
	at java.base/java.util.HashMap.forEach(HashMap.java:1429) ~[na:na]
	at org.hibernate.tool.schema.spi.SchemaManagementToolCoordinator.process(SchemaManagementToolCoordinator.java:142) ~[hibernate-core-6.4.1.Final.jar:6.4.1.Final]
	at org.hibernate.boot.internal.SessionFactoryObserverForSchemaExport.sessionFactoryCreated(SessionFactoryObserverForSchemaExport.java:37) ~[hibernate-core-6.4.1.Final.jar:6.4.1.Final]
	at org.hibernate.internal.SessionFactoryObserverChain.sessionFactoryCreated(SessionFactoryObserverChain.java:35) ~[hibernate-core-6.4.1.Final.jar:6.4.1.Final]
	at org.hibernate.internal.SessionFactoryImpl.<init>(SessionFactoryImpl.java:315) ~[hibernate-core-6.4.1.Final.jar:6.4.1.Final]
	at org.hibernate.boot.internal.SessionFactoryBuilderImpl.build(SessionFactoryBuilderImpl.java:450) ~[hibernate-core-6.4.1.Final.jar:6.4.1.Final]
	at org.hibernate.jpa.boot.internal.EntityManagerFactoryBuilderImpl.build(EntityManagerFactoryBuilderImpl.java:1507) ~[hibernate-core-6.4.1.Final.jar:6.4.1.Final]
	at org.springframework.orm.jpa.vendor.SpringHibernateJpaPersistenceProvider.createContainerEntityManagerFactory(SpringHibernateJpaPersistenceProvider.java:75) ~[spring-orm-6.1.3.jar:6.1.3]
	at org.springframework.orm.jpa.LocalContainerEntityManagerFactoryBean.createNativeEntityManagerFactory(LocalContainerEntityManagerFactoryBean.java:376) ~[spring-orm-6.1.3.jar:6.1.3]
	at org.springframework.orm.jpa.AbstractEntityManagerFactoryBean.buildNativeEntityManagerFactory(AbstractEntityManagerFactoryBean.java:409) ~[spring-orm-6.1.3.jar:6.1.3]
	at org.springframework.orm.jpa.AbstractEntityManagerFactoryBean.afterPropertiesSet(AbstractEntityManagerFactoryBean.java:396) ~[spring-orm-6.1.3.jar:6.1.3]
	at org.springframework.orm.jpa.LocalContainerEntityManagerFactoryBean.afterPropertiesSet(LocalContainerEntityManagerFactoryBean.java:352) ~[spring-orm-6.1.3.jar:6.1.3]
	at org.springframework.beans.factory.support.AbstractAutowireCapableBeanFactory.invokeInitMethods(AbstractAutowireCapableBeanFactory.java:1820) ~[spring-beans-6.1.3.jar:6.1.3]
	at org.springframework.beans.factory.support.AbstractAutowireCapableBeanFactory.initializeBean(AbstractAutowireCapableBeanFactory.java:1769) ~[spring-beans-6.1.3.jar:6.1.3]
	at org.springframework.beans.factory.support.AbstractAutowireCapableBeanFactory.doCreateBean(AbstractAutowireCapableBeanFactory.java:599) ~[spring-beans-6.1.3.jar:6.1.3]
	at org.springframework.beans.factory.support.AbstractAutowireCapableBeanFactory.createBean(AbstractAutowireCapableBeanFactory.java:521) ~[spring-beans-6.1.3.jar:6.1.3]
	at org.springframework.beans.factory.support.AbstractBeanFactory.lambda$doGetBean$0(AbstractBeanFactory.java:325) ~[spring-beans-6.1.3.jar:6.1.3]
	at org.springframework.beans.factory.support.DefaultSingletonBeanRegistry.getSingleton(DefaultSingletonBeanRegistry.java:234) ~[spring-beans-6.1.3.jar:6.1.3]
	at org.springframework.beans.factory.support.AbstractBeanFactory.doGetBean(AbstractBeanFactory.java:323) ~[spring-beans-6.1.3.jar:6.1.3]
	at org.springframework.beans.factory.support.AbstractBeanFactory.getBean(AbstractBeanFactory.java:199) ~[spring-beans-6.1.3.jar:6.1.3]
	at org.springframework.context.support.AbstractApplicationContext.getBean(AbstractApplicationContext.java:1231) ~[spring-context-6.1.3.jar:6.1.3]
	at org.springframework.context.support.AbstractApplicationContext.finishBeanFactoryInitialization(AbstractApplicationContext.java:949) ~[spring-context-6.1.3.jar:6.1.3]
	at org.springframework.context.support.AbstractApplicationContext.refresh(AbstractApplicationContext.java:624) ~[spring-context-6.1.3.jar:6.1.3]
	at org.springframework.boot.SpringApplication.refresh(SpringApplication.java:754) ~[spring-boot-3.2.2.jar:3.2.2]
	at org.springframework.boot.SpringApplication.refreshContext(SpringApplication.java:456) ~[spring-boot-3.2.2.jar:3.2.2]
	at org.springframework.boot.SpringApplication.run(SpringApplication.java:334) ~[spring-boot-3.2.2.jar:3.2.2]
	at org.springframework.boot.test.context.SpringBootContextLoader.lambda$loadContext$3(SpringBootContextLoader.java:137) ~[spring-boot-test-3.2.2.jar:3.2.2]
	at org.springframework.util.function.ThrowingSupplier.get(ThrowingSupplier.java:58) ~[spring-core-6.1.3.jar:6.1.3]
	at org.springframework.util.function.ThrowingSupplier.get(ThrowingSupplier.java:46) ~[spring-core-6.1.3.jar:6.1.3]
	at org.springframework.boot.SpringApplication.withHook(SpringApplication.java:1454) ~[spring-boot-3.2.2.jar:3.2.2]
	at org.springframework.boot.test.context.SpringBootContextLoader$ContextLoaderHook.run(SpringBootContextLoader.java:552) ~[spring-boot-test-3.2.2.jar:3.2.2]
	at org.springframework.boot.test.context.SpringBootContextLoader.loadContext(SpringBootContextLoader.java:137) ~[spring-boot-test-3.2.2.jar:3.2.2]
	at org.springframework.boot.test.context.SpringBootContextLoader.loadContext(SpringBootContextLoader.java:108) ~[spring-boot-test-3.2.2.jar:3.2.2]
	at org.springframework.test.context.cache.DefaultCacheAwareContextLoaderDelegate.loadContextInternal(DefaultCacheAwareContextLoaderDelegate.java:225) ~[spring-test-6.1.3.jar:6.1.3]
	at org.springframework.test.context.cache.DefaultCacheAwareContextLoaderDelegate.loadContext(DefaultCacheAwareContextLoaderDelegate.java:152) ~[spring-test-6.1.3.jar:6.1.3]
	at org.springframework.test.context.support.DefaultTestContext.getApplicationContext(DefaultTestContext.java:130) ~[spring-test-6.1.3.jar:6.1.3]
	at org.springframework.test.context.web.ServletTestExecutionListener.setUpRequestContextIfNecessary(ServletTestExecutionListener.java:191) ~[spring-test-6.1.3.jar:6.1.3]
	at org.springframework.test.context.web.ServletTestExecutionListener.prepareTestInstance(ServletTestExecutionListener.java:130) ~[spring-test-6.1.3.jar:6.1.3]
	at org.springframework.test.context.TestContextManager.prepareTestInstance(TestContextManager.java:260) ~[spring-test-6.1.3.jar:6.1.3]
	at org.springframework.test.context.junit.jupiter.SpringExtension.postProcessTestInstance(SpringExtension.java:163) ~[spring-test-6.1.3.jar:6.1.3]
	at org.junit.jupiter.engine.descriptor.ClassBasedTestDescriptor.lambda$invokeTestInstancePostProcessors$10(ClassBasedTestDescriptor.java:378) ~[junit-jupiter-engine-5.10.1.jar:5.10.1]
	at org.junit.jupiter.engine.descriptor.ClassBasedTestDescriptor.executeAndMaskThrowable(ClassBasedTestDescriptor.java:383) ~[junit-jupiter-engine-5.10.1.jar:5.10.1]
	at org.junit.jupiter.engine.descriptor.ClassBasedTestDescriptor.lambda$invokeTestInstancePostProcessors$11(ClassBasedTestDescriptor.java:378) ~[junit-jupiter-engine-5.10.1.jar:5.10.1]
	at java.base/java.util.stream.ReferencePipeline$3$1.accept(ReferencePipeline.java:197) ~[na:na]
	at java.base/java.util.stream.ReferencePipeline$2$1.accept(ReferencePipeline.java:179) ~[na:na]
	at java.base/java.util.ArrayList$ArrayListSpliterator.forEachRemaining(ArrayList.java:1708) ~[na:na]
	at java.base/java.util.stream.AbstractPipeline.copyInto(AbstractPipeline.java:509) ~[na:na]
	at java.base/java.util.stream.AbstractPipeline.wrapAndCopyInto(AbstractPipeline.java:499) ~[na:na]
	at java.base/java.util.stream.StreamSpliterators$WrappingSpliterator.forEachRemaining(StreamSpliterators.java:310) ~[na:na]
	at java.base/java.util.stream.Streams$ConcatSpliterator.forEachRemaining(Streams.java:735) ~[na:na]
	at java.base/java.util.stream.Streams$ConcatSpliterator.forEachRemaining(Streams.java:734) ~[na:na]
	at java.base/java.util.stream.ReferencePipeline$Head.forEach(ReferencePipeline.java:762) ~[na:na]
	at org.junit.jupiter.engine.descriptor.ClassBasedTestDescriptor.invokeTestInstancePostProcessors(ClassBasedTestDescriptor.java:377) ~[junit-jupiter-engine-5.10.1.jar:5.10.1]
	at org.junit.jupiter.engine.descriptor.ClassBasedTestDescriptor.lambda$instantiateAndPostProcessTestInstance$6(ClassBasedTestDescriptor.java:290) ~[junit-jupiter-engine-5.10.1.jar:5.10.1]
	at org.junit.platform.engine.support.hierarchical.ThrowableCollector.execute(ThrowableCollector.java:73) ~[junit-platform-engine-1.10.1.jar:1.10.1]
	at org.junit.jupiter.engine.descriptor.ClassBasedTestDescriptor.instantiateAndPostProcessTestInstance(ClassBasedTestDescriptor.java:289) ~[junit-jupiter-engine-5.10.1.jar:5.10.1]
	at org.junit.jupiter.engine.descriptor.ClassBasedTestDescriptor.lambda$testInstancesProvider$4(ClassBasedTestDescriptor.java:279) ~[junit-jupiter-engine-5.10.1.jar:5.10.1]
	at java.base/java.util.Optional.orElseGet(Optional.java:364) ~[na:na]
	at org.junit.jupiter.engine.descriptor.ClassBasedTestDescriptor.lambda$testInstancesProvider$5(ClassBasedTestDescriptor.java:278) ~[junit-jupiter-engine-5.10.1.jar:5.10.1]
	at org.junit.jupiter.engine.execution.TestInstancesProvider.getTestInstances(TestInstancesProvider.java:31) ~[junit-jupiter-engine-5.10.1.jar:5.10.1]
	at org.junit.jupiter.engine.descriptor.TestMethodTestDescriptor.lambda$prepare$0(TestMethodTestDescriptor.java:106) ~[junit-jupiter-engine-5.10.1.jar:5.10.1]
	at org.junit.platform.engine.support.hierarchical.ThrowableCollector.execute(ThrowableCollector.java:73) ~[junit-platform-engine-1.10.1.jar:1.10.1]
	at org.junit.jupiter.engine.descriptor.TestMethodTestDescriptor.prepare(TestMethodTestDescriptor.java:105) ~[junit-jupiter-engine-5.10.1.jar:5.10.1]
	at org.junit.jupiter.engine.descriptor.TestMethodTestDescriptor.prepare(TestMethodTestDescriptor.java:69) ~[junit-jupiter-engine-5.10.1.jar:5.10.1]
	at org.junit.platform.engine.support.hierarchical.NodeTestTask.lambda$prepare$2(NodeTestTask.java:123) ~[junit-platform-engine-1.10.1.jar:1.10.1]
	at org.junit.platform.engine.support.hierarchical.ThrowableCollector.execute(ThrowableCollector.java:73) ~[junit-platform-engine-1.10.1.jar:1.10.1]
	at org.junit.platform.engine.support.hierarchical.NodeTestTask.prepare(NodeTestTask.java:123) ~[junit-platform-engine-1.10.1.jar:1.10.1]
	at org.junit.platform.engine.support.hierarchical.NodeTestTask.execute(NodeTestTask.java:90) ~[junit-platform-engine-1.10.1.jar:1.10.1]
	at java.base/java.util.ArrayList.forEach(ArrayList.java:1596) ~[na:na]
	at org.junit.platform.engine.support.hierarchical.SameThreadHierarchicalTestExecutorService.invokeAll(SameThreadHierarchicalTestExecutorService.java:41) ~[junit-platform-engine-1.10.1.jar:1.10.1]
	at org.junit.platform.engine.support.hierarchical.NodeTestTask.lambda$executeRecursively$6(NodeTestTask.java:155) ~[junit-platform-engine-1.10.1.jar:1.10.1]
	at org.junit.platform.engine.support.hierarchical.ThrowableCollector.execute(ThrowableCollector.java:73) ~[junit-platform-engine-1.10.1.jar:1.10.1]
	at org.junit.platform.engine.support.hierarchical.NodeTestTask.lambda$executeRecursively$8(NodeTestTask.java:141) ~[junit-platform-engine-1.10.1.jar:1.10.1]
	at org.junit.platform.engine.support.hierarchical.Node.around(Node.java:137) ~[junit-platform-engine-1.10.1.jar:1.10.1]
	at org.junit.platform.engine.support.hierarchical.NodeTestTask.lambda$executeRecursively$9(NodeTestTask.java:139) ~[junit-platform-engine-1.10.1.jar:1.10.1]
	at org.junit.platform.engine.support.hierarchical.ThrowableCollector.execute(ThrowableCollector.java:73) ~[junit-platform-engine-1.10.1.jar:1.10.1]
	at org.junit.platform.engine.support.hierarchical.NodeTestTask.executeRecursively(NodeTestTask.java:138) ~[junit-platform-engine-1.10.1.jar:1.10.1]
	at org.junit.platform.engine.support.hierarchical.NodeTestTask.execute(NodeTestTask.java:95) ~[junit-platform-engine-1.10.1.jar:1.10.1]
	at java.base/java.util.ArrayList.forEach(ArrayList.java:1596) ~[na:na]
	at org.junit.platform.engine.support.hierarchical.SameThreadHierarchicalTestExecutorService.invokeAll(SameThreadHierarchicalTestExecutorService.java:41) ~[junit-platform-engine-1.10.1.jar:1.10.1]
	at org.junit.platform.engine.support.hierarchical.NodeTestTask.lambda$executeRecursively$6(NodeTestTask.java:155) ~[junit-platform-engine-1.10.1.jar:1.10.1]
	at org.junit.platform.engine.support.hierarchical.ThrowableCollector.execute(ThrowableCollector.java:73) ~[junit-platform-engine-1.10.1.jar:1.10.1]
	at org.junit.platform.engine.support.hierarchical.NodeTestTask.lambda$executeRecursively$8(NodeTestTask.java:141) ~[junit-platform-engine-1.10.1.jar:1.10.1]
	at org.junit.platform.engine.support.hierarchical.Node.around(Node.java:137) ~[junit-platform-engine-1.10.1.jar:1.10.1]
	at org.junit.platform.engine.support.hierarchical.NodeTestTask.lambda$executeRecursively$9(NodeTestTask.java:139) ~[junit-platform-engine-1.10.1.jar:1.10.1]
	at org.junit.platform.engine.support.hierarchical.ThrowableCollector.execute(ThrowableCollector.java:73) ~[junit-platform-engine-1.10.1.jar:1.10.1]
	at org.junit.platform.engine.support.hierarchical.NodeTestTask.executeRecursively(NodeTestTask.java:138) ~[junit-platform-engine-1.10.1.jar:1.10.1]
	at org.junit.platform.engine.support.hierarchical.NodeTestTask.execute(NodeTestTask.java:95) ~[junit-platform-engine-1.10.1.jar:1.10.1]
	at org.junit.platform.engine.support.hierarchical.SameThreadHierarchicalTestExecutorService.submit(SameThreadHierarchicalTestExecutorService.java:35) ~[junit-platform-engine-1.10.1.jar:1.10.1]
	at org.junit.platform.engine.support.hierarchical.HierarchicalTestExecutor.execute(HierarchicalTestExecutor.java:57) ~[junit-platform-engine-1.10.1.jar:1.10.1]
	at org.junit.platform.engine.support.hierarchical.HierarchicalTestEngine.execute(HierarchicalTestEngine.java:54) ~[junit-platform-engine-1.10.1.jar:1.10.1]
	at org.junit.platform.launcher.core.EngineExecutionOrchestrator.execute(EngineExecutionOrchestrator.java:198) ~[junit-platform-launcher-1.10.1.jar:1.10.1]
	at org.junit.platform.launcher.core.EngineExecutionOrchestrator.execute(EngineExecutionOrchestrator.java:169) ~[junit-platform-launcher-1.10.1.jar:1.10.1]
	at org.junit.platform.launcher.core.EngineExecutionOrchestrator.execute(EngineExecutionOrchestrator.java:93) ~[junit-platform-launcher-1.10.1.jar:1.10.1]
	at org.junit.platform.launcher.core.EngineExecutionOrchestrator.lambda$execute$0(EngineExecutionOrchestrator.java:58) ~[junit-platform-launcher-1.10.1.jar:1.10.1]
	at org.junit.platform.launcher.core.EngineExecutionOrchestrator.withInterceptedStreams(EngineExecutionOrchestrator.java:141) ~[junit-platform-launcher-1.10.1.jar:1.10.1]
	at org.junit.platform.launcher.core.EngineExecutionOrchestrator.execute(EngineExecutionOrchestrator.java:57) ~[junit-platform-launcher-1.10.1.jar:1.10.1]
	at org.junit.platform.launcher.core.DefaultLauncher.execute(DefaultLauncher.java:103) ~[junit-platform-launcher-1.10.1.jar:1.10.1]
	at org.junit.platform.launcher.core.DefaultLauncher.execute(DefaultLauncher.java:85) ~[junit-platform-launcher-1.10.1.jar:1.10.1]
	at org.junit.platform.launcher.core.DelegatingLauncher.execute(DelegatingLauncher.java:47) ~[junit-platform-launcher-1.10.1.jar:1.10.1]
	at org.apache.maven.surefire.junitplatform.LazyLauncher.execute(LazyLauncher.java:56) ~[surefire-junit-platform-3.1.2.jar:3.1.2]
	at org.apache.maven.surefire.junitplatform.JUnitPlatformProvider.execute(JUnitPlatformProvider.java:184) ~[surefire-junit-platform-3.1.2.jar:3.1.2]
	at org.apache.maven.surefire.junitplatform.JUnitPlatformProvider.invokeAllTests(JUnitPlatformProvider.java:148) ~[surefire-junit-platform-3.1.2.jar:3.1.2]
	at org.apache.maven.surefire.junitplatform.JUnitPlatformProvider.invoke(JUnitPlatformProvider.java:122) ~[surefire-junit-platform-3.1.2.jar:3.1.2]
	at org.apache.maven.surefire.booter.ForkedBooter.runSuitesInProcess(ForkedBooter.java:385) ~[surefire-booter-3.1.2.jar:3.1.2]
	at org.apache.maven.surefire.booter.ForkedBooter.execute(ForkedBooter.java:162) ~[surefire-booter-3.1.2.jar:3.1.2]
	at org.apache.maven.surefire.booter.ForkedBooter.run(ForkedBooter.java:507) ~[surefire-booter-3.1.2.jar:3.1.2]
	at org.apache.maven.surefire.booter.ForkedBooter.main(ForkedBooter.java:495) ~[surefire-booter-3.1.2.jar:3.1.2]
Caused by: java.sql.SQLException: (conn=1725) Error on rename of './gestion_daos_maquette/#sql-alter-46c-6bd' to './gestion_daos_maquette/enseignement' (errno: 150 "Foreign key constraint is incorrectly formed")
	at org.mariadb.jdbc.export.ExceptionFactory.createException(ExceptionFactory.java:306) ~[mariadb-java-client-3.3.2.jar:na]
	at org.mariadb.jdbc.export.ExceptionFactory.create(ExceptionFactory.java:378) ~[mariadb-java-client-3.3.2.jar:na]
	at org.mariadb.jdbc.message.ClientMessage.readPacket(ClientMessage.java:172) ~[mariadb-java-client-3.3.2.jar:na]
	at org.mariadb.jdbc.client.impl.StandardClient.readPacket(StandardClient.java:913) ~[mariadb-java-client-3.3.2.jar:na]
	at org.mariadb.jdbc.client.impl.StandardClient.readResults(StandardClient.java:852) ~[mariadb-java-client-3.3.2.jar:na]
	at org.mariadb.jdbc.client.impl.StandardClient.readResponse(StandardClient.java:771) ~[mariadb-java-client-3.3.2.jar:na]
	at org.mariadb.jdbc.client.impl.StandardClient.execute(StandardClient.java:695) ~[mariadb-java-client-3.3.2.jar:na]
	at org.mariadb.jdbc.Statement.executeInternal(Statement.java:1035) ~[mariadb-java-client-3.3.2.jar:na]
	at org.mariadb.jdbc.Statement.execute(Statement.java:1165) ~[mariadb-java-client-3.3.2.jar:na]
	at org.mariadb.jdbc.Statement.execute(Statement.java:493) ~[mariadb-java-client-3.3.2.jar:na]
	at com.zaxxer.hikari.pool.ProxyStatement.execute(ProxyStatement.java:94) ~[HikariCP-5.0.1.jar:na]
	at com.zaxxer.hikari.pool.HikariProxyStatement.execute(HikariProxyStatement.java) ~[HikariCP-5.0.1.jar:na]
	at org.hibernate.tool.schema.internal.exec.GenerationTargetToDatabase.accept(GenerationTargetToDatabase.java:80) ~[hibernate-core-6.4.1.Final.jar:6.4.1.Final]
	... 117 common frames omitted

Hibernate: alter table if exists filiere_formations add constraint FKrq4dgqkxot16vyp2pn9xc8e55 foreign key (formations_id) references formation (id)
Hibernate: alter table if exists filiere_formations add constraint FK3twmj6w72m44un8eb7fp25ccj foreign key (filiere_id) references filiere (id)
Hibernate: alter table if exists formation add constraint FKixb0nv6g346h8mxb0aono9j8s foreign key (filiere_id) references filiere (id)
Hibernate: alter table if exists formation add constraint FKmtm9wbiup0kj7y23vgfj4px26 foreign key (maquette_id) references maquette (id)
Hibernate: alter table if exists formation add constraint FK2qx01op7ect7ovesm9xk6v7qb foreign key (niveau_id) references niveau (id)
Hibernate: alter table if exists groupe add constraint FKhhelkt59p1jjn58b3qd2cfjpl foreign key (classe) references classe (id)
Hibernate: alter table if exists groupe_enseignement add constraint FK45c7s0gtkqyyrieh6bgu1l58 foreign key (enseignement_id) references enseignement (id)
Hibernate: alter table if exists groupe_enseignement add constraint FKrbsduxrlhn657305yob0yspgj foreign key (groupe_id) references groupe (id)
Hibernate: alter table if exists maquette add constraint FKcji03fnorqd23y4v7a9m3wamv foreign key (formation_id) references formation (id)
Hibernate: alter table if exists module add constraint FKben5cdggvcpi2oop6dpuylfwa foreign key (ec_id) references ec (id)
Hibernate: alter table if exists module add constraint FK9opdlw68yhvichn5ilaji4xi9 foreign key (maquette_id) references maquette (id)
Hibernate: alter table if exists module add constraint FKoeiw5u717c5epg1pc84su1dqb foreign key (semestre_id) references semestre (id)
Hibernate: alter table if exists module add constraint FKi4vi7dubxap6xogdjqkcqrrkv foreign key (ue_id) references ue (id)
Hibernate: alter table if exists niveau add constraint FKhc9c4bn9sexj6ilra65jmofvf foreign key (cycle) references cycle (id)
Hibernate: alter table if exists ue add constraint FKy76ca8kroqwbhvc9bmoj56x8 foreign key (utilisateur_id) references utilisateur (id)
2024-02-27T03:35:34.892Z  INFO 1952654 --- [maquette-service] [           main] j.LocalContainerEntityManagerFactoryBean : Initialized JPA EntityManagerFactory for persistence unit 'default'
2024-02-27T03:35:35.883Z  INFO 1952654 --- [maquette-service] [           main] o.s.d.j.r.query.QueryEnhancerFactory     : Hibernate is in classpath; If applicable, HQL parser will be used.
2024-02-27T03:35:37.871Z  WARN 1952654 --- [maquette-service] [           main] JpaBaseConfiguration$JpaWebConfiguration : spring.jpa.open-in-view is enabled by default. Therefore, database queries may be performed during view rendering. Explicitly configure spring.jpa.open-in-view to disable this warning
2024-02-27T03:35:41.209Z  INFO 1952654 --- [maquette-service] [           main] DiscoveryClientOptionalArgsConfiguration : Eureka HTTP Client uses RestTemplate.
2024-02-27T03:35:41.456Z  INFO 1952654 --- [maquette-service] [           main] o.s.b.a.e.web.EndpointLinksResolver      : Exposing 16 endpoint(s) beneath base path '/actuator'
2024-02-27T03:35:41.627Z  INFO 1952654 --- [maquette-service] [           main] o.s.c.n.eureka.InstanceInfoFactory       : Setting initial instance status as: STARTING
2024-02-27T03:35:41.905Z  INFO 1952654 --- [maquette-service] [           main] com.netflix.discovery.DiscoveryClient    : Initializing Eureka in region us-east-1
2024-02-27T03:35:41.917Z  INFO 1952654 --- [maquette-service] [           main] c.n.d.s.r.aws.ConfigClusterResolver      : Resolving eureka endpoints via configuration
2024-02-27T03:35:41.969Z  INFO 1952654 --- [maquette-service] [           main] com.netflix.discovery.DiscoveryClient    : Disable delta property : false
2024-02-27T03:35:41.969Z  INFO 1952654 --- [maquette-service] [           main] com.netflix.discovery.DiscoveryClient    : Single vip registry refresh property : null
2024-02-27T03:35:41.969Z  INFO 1952654 --- [maquette-service] [           main] com.netflix.discovery.DiscoveryClient    : Force full registry fetch : false
2024-02-27T03:35:41.969Z  INFO 1952654 --- [maquette-service] [           main] com.netflix.discovery.DiscoveryClient    : Application is null : false
2024-02-27T03:35:41.969Z  INFO 1952654 --- [maquette-service] [           main] com.netflix.discovery.DiscoveryClient    : Registered Applications size is zero : true
2024-02-27T03:35:41.970Z  INFO 1952654 --- [maquette-service] [           main] com.netflix.discovery.DiscoveryClient    : Application version is -1: true
2024-02-27T03:35:41.970Z  INFO 1952654 --- [maquette-service] [           main] com.netflix.discovery.DiscoveryClient    : Getting all instance registry info from the eureka server
2024-02-27T03:35:42.661Z  INFO 1952654 --- [maquette-service] [           main] com.netflix.discovery.DiscoveryClient    : The response status is 200
2024-02-27T03:35:42.669Z  INFO 1952654 --- [maquette-service] [           main] com.netflix.discovery.DiscoveryClient    : Starting heartbeat executor: renew interval is: 30
2024-02-27T03:35:42.675Z  INFO 1952654 --- [maquette-service] [           main] c.n.discovery.InstanceInfoReplicator     : InstanceInfoReplicator onDemand update allowed rate per min is 4
2024-02-27T03:35:42.686Z  INFO 1952654 --- [maquette-service] [           main] com.netflix.discovery.DiscoveryClient    : Discovery Client initialized at timestamp 1709004942685 with initial instances count: 1
2024-02-27T03:35:42.704Z  INFO 1952654 --- [maquette-service] [           main] o.s.c.n.e.s.EurekaServiceRegistry        : Registering application MAQUETTE-SERVICE with eureka with status UP
2024-02-27T03:35:42.706Z  INFO 1952654 --- [maquette-service] [           main] com.netflix.discovery.DiscoveryClient    : Saw local status change event StatusChangeEvent [timestamp=1709004942706, current=UP, previous=STARTING]
2024-02-27T03:35:42.710Z  INFO 1952654 --- [maquette-service] [nfoReplicator-0] com.netflix.discovery.DiscoveryClient    : DiscoveryClient_MAQUETTE-SERVICE/192.168.81.95:maquette-service:8081: registering service...
2024-02-27T03:35:42.779Z  INFO 1952654 --- [maquette-service] [           main] .u.G.GestionDaosMaquetteApplicationTests : Started GestionDaosMaquetteApplicationTests in 20.755 seconds (process running for 22.879)
Hibernate: insert into ue (code,coefficient,created_at,credit,description,libelle,utilisateur_id) values (?,?,?,?,?,?,?)
2024-02-27T03:35:42.888Z  INFO 1952654 --- [maquette-service] [nfoReplicator-0] com.netflix.discovery.DiscoveryClient    : DiscoveryClient_MAQUETTE-SERVICE/192.168.81.95:maquette-service:8081 - registration status: 204
Hibernate: insert into ue (code,coefficient,created_at,credit,description,libelle,utilisateur_id) values (?,?,?,?,?,?,?)
Hibernate: insert into ue (code,coefficient,created_at,credit,description,libelle,utilisateur_id) values (?,?,?,?,?,?,?)
Hibernate: insert into ue (code,coefficient,created_at,credit,description,libelle,utilisateur_id) values (?,?,?,?,?,?,?)
Hibernate: insert into ue (code,coefficient,created_at,credit,description,libelle,utilisateur_id) values (?,?,?,?,?,?,?)
Hibernate: insert into ue (code,coefficient,created_at,credit,description,libelle,utilisateur_id) values (?,?,?,?,?,?,?)
Hibernate: insert into ue (code,coefficient,created_at,credit,description,libelle,utilisateur_id) values (?,?,?,?,?,?,?)
Hibernate: insert into ue (code,coefficient,created_at,credit,description,libelle,utilisateur_id) values (?,?,?,?,?,?,?)
Hibernate: insert into ue (code,coefficient,created_at,credit,description,libelle,utilisateur_id) values (?,?,?,?,?,?,?)
Hibernate: insert into ue (code,coefficient,created_at,credit,description,libelle,utilisateur_id) values (?,?,?,?,?,?,?)
Hibernate: insert into ue (code,coefficient,created_at,credit,description,libelle,utilisateur_id) values (?,?,?,?,?,?,?)
Hibernate: insert into ue (code,coefficient,created_at,credit,description,libelle,utilisateur_id) values (?,?,?,?,?,?,?)
Hibernate: insert into ue (code,coefficient,created_at,credit,description,libelle,utilisateur_id) values (?,?,?,?,?,?,?)
Hibernate: insert into ue (code,coefficient,created_at,credit,description,libelle,utilisateur_id) values (?,?,?,?,?,?,?)
Hibernate: insert into ue (code,coefficient,created_at,credit,description,libelle,utilisateur_id) values (?,?,?,?,?,?,?)
Hibernate: select u1_0.id,u1_0.code,u1_0.coefficient,u1_0.created_at,u1_0.credit,u1_0.description,u1_0.libelle,u2_0.id,e1_0.ue_id,e1_0.id,e1_0.code,e1_0.cm,e1_0.coefficient,e1_0.date_creation,e1_0.description,e1_0.libelle,e1_0.td,e1_0.tp,e1_0.tpe from ue u1_0 left join utilisateur u2_0 on u2_0.id=u1_0.utilisateur_id left join ec e1_0 on u1_0.id=e1_0.ue_id where u1_0.id=?
Hibernate: insert into ue (code,coefficient,created_at,credit,description,libelle,utilisateur_id) values (?,?,?,?,?,?,?)
Hibernate: insert into ue (code,coefficient,created_at,credit,description,libelle,utilisateur_id) values (?,?,?,?,?,?,?)
Hibernate: insert into ue (code,coefficient,created_at,credit,description,libelle,utilisateur_id) values (?,?,?,?,?,?,?)
Hibernate: insert into ue (code,coefficient,created_at,credit,description,libelle,utilisateur_id) values (?,?,?,?,?,?,?)
Hibernate: insert into ue (code,coefficient,created_at,credit,description,libelle,utilisateur_id) values (?,?,?,?,?,?,?)
Hibernate: insert into ue (code,coefficient,created_at,credit,description,libelle,utilisateur_id) values (?,?,?,?,?,?,?)
Hibernate: insert into ue (code,coefficient,created_at,credit,description,libelle,utilisateur_id) values (?,?,?,?,?,?,?)
Hibernate: insert into ue (code,coefficient,created_at,credit,description,libelle,utilisateur_id) values (?,?,?,?,?,?,?)
Hibernate: insert into ue (code,coefficient,created_at,credit,description,libelle,utilisateur_id) values (?,?,?,?,?,?,?)
Hibernate: insert into ue (code,coefficient,created_at,credit,description,libelle,utilisateur_id) values (?,?,?,?,?,?,?)
Hibernate: insert into ue (code,coefficient,created_at,credit,description,libelle,utilisateur_id) values (?,?,?,?,?,?,?)
Hibernate: insert into ue (code,coefficient,created_at,credit,description,libelle,utilisateur_id) values (?,?,?,?,?,?,?)
Hibernate: select u1_0.id,u1_0.code,u1_0.coefficient,u1_0.created_at,u1_0.credit,u1_0.description,u1_0.libelle,u2_0.id,e1_0.ue_id,e1_0.id,e1_0.code,e1_0.cm,e1_0.coefficient,e1_0.date_creation,e1_0.description,e1_0.libelle,e1_0.td,e1_0.tp,e1_0.tpe from ue u1_0 left join utilisateur u2_0 on u2_0.id=u1_0.utilisateur_id left join ec e1_0 on u1_0.id=e1_0.ue_id where u1_0.id=?
Hibernate: insert into ue (code,coefficient,created_at,credit,description,libelle,utilisateur_id) values (?,?,?,?,?,?,?)
Hibernate: insert into ue (code,coefficient,created_at,credit,description,libelle,utilisateur_id) values (?,?,?,?,?,?,?)
Hibernate: insert into ue (code,coefficient,created_at,credit,description,libelle,utilisateur_id) values (?,?,?,?,?,?,?)
Hibernate: insert into ue (code,coefficient,created_at,credit,description,libelle,utilisateur_id) values (?,?,?,?,?,?,?)
Hibernate: insert into ue (code,coefficient,created_at,credit,description,libelle,utilisateur_id) values (?,?,?,?,?,?,?)
Hibernate: insert into ue (code,coefficient,created_at,credit,description,libelle,utilisateur_id) values (?,?,?,?,?,?,?)
Hibernate: insert into ue (code,coefficient,created_at,credit,description,libelle,utilisateur_id) values (?,?,?,?,?,?,?)
Hibernate: insert into ue (code,coefficient,created_at,credit,description,libelle,utilisateur_id) values (?,?,?,?,?,?,?)
Hibernate: insert into ue (code,coefficient,created_at,credit,description,libelle,utilisateur_id) values (?,?,?,?,?,?,?)
Hibernate: insert into ue (code,coefficient,created_at,credit,description,libelle,utilisateur_id) values (?,?,?,?,?,?,?)
Hibernate: insert into ue (code,coefficient,created_at,credit,description,libelle,utilisateur_id) values (?,?,?,?,?,?,?)
Hibernate: insert into ue (code,coefficient,created_at,credit,description,libelle,utilisateur_id) values (?,?,?,?,?,?,?)
Hibernate: insert into ec (code,cm,coefficient,date_creation,description,libelle,td,tp,tpe,ue_id) values (?,?,?,?,?,?,?,?,?,?)
Hibernate: insert into ec (code,cm,coefficient,date_creation,description,libelle,td,tp,tpe,ue_id) values (?,?,?,?,?,?,?,?,?,?)
Hibernate: insert into ec (code,cm,coefficient,date_creation,description,libelle,td,tp,tpe,ue_id) values (?,?,?,?,?,?,?,?,?,?)
Hibernate: insert into cycle (nom) values (?)
Hibernate: insert into cycle (nom) values (?)
Hibernate: insert into cycle (nom) values (?)
Hibernate: insert into cycle (nom) values (?)
Hibernate: insert into cycle (nom) values (?)
Hibernate: insert into niveau (cycle,nom) values (?,?)
Hibernate: insert into niveau (cycle,nom) values (?,?)
Hibernate: insert into niveau (cycle,nom) values (?,?)
Hibernate: insert into filiere (nom) values (?)
Hibernate: insert into filiere (nom) values (?)
Hibernate: insert into filiere (nom) values (?)
Hibernate: insert into filiere (nom) values (?)
Hibernate: insert into filiere (nom) values (?)
Hibernate: insert into formation (filiere_id,maquette_id,niveau_id,nom) values (?,?,?,?)
Hibernate: insert into formation (filiere_id,maquette_id,niveau_id,nom) values (?,?,?,?)
Hibernate: insert into formation (filiere_id,maquette_id,niveau_id,nom) values (?,?,?,?)
Hibernate: insert into formation (filiere_id,maquette_id,niveau_id,nom) values (?,?,?,?)
Hibernate: insert into formation (filiere_id,maquette_id,niveau_id,nom) values (?,?,?,?)
Hibernate: insert into classe (description,effectif,formation_id,libelle,nbre_groupe,semestre_id) values (?,?,?,?,?,?)
Hibernate: insert into classe (description,effectif,formation_id,libelle,nbre_groupe,semestre_id) values (?,?,?,?,?,?)
Hibernate: insert into classe (description,effectif,formation_id,libelle,nbre_groupe,semestre_id) values (?,?,?,?,?,?)
Hibernate: insert into classe (description,effectif,formation_id,libelle,nbre_groupe,semestre_id) values (?,?,?,?,?,?)
Hibernate: insert into classe (description,effectif,formation_id,libelle,nbre_groupe,semestre_id) values (?,?,?,?,?,?)
Hibernate: insert into classe (description,effectif,formation_id,libelle,nbre_groupe,semestre_id) values (?,?,?,?,?,?)
Hibernate: insert into groupe (classe,description,effectif,libelle) values (?,?,?,?)
Hibernate: insert into groupe (classe,description,effectif,libelle) values (?,?,?,?)
Hibernate: insert into groupe (classe,description,effectif,libelle) values (?,?,?,?)
Hibernate: insert into groupe (classe,description,effectif,libelle) values (?,?,?,?)
Hibernate: insert into enseignement (classe_id,description,groupe_id,libelle,module_id,objectifs) values (?,?,?,?,?,?)
]]></system-out>
    <system-err><![CDATA[WARNING: A Java agent has been loaded dynamically (/home/smah/.m2/repository/net/bytebuddy/byte-buddy-agent/1.14.11/byte-buddy-agent-1.14.11.jar)
WARNING: If a serviceability tool is in use, please run with -XX:+EnableDynamicAgentLoading to hide this warning
WARNING: If a serviceability tool is not in use, please run with -Djdk.instrument.traceUsage for more information
WARNING: Dynamic loading of agents will be disallowed by default in a future release
]]></system-err>
  </testcase>
</testsuite>